FILE_TYPE:DAAA96DE-B0FB-4c6e-AF7B-A445F5BF9BE2
FILE_ID:1542876227465
ENCODING:[UTF8|NWCJS:ASCII]
RECORD_SEPARATOR:124
COLUMN_SEPARATOR:35
ESC_CHARACTER:92
COLUMNS:Time|TZone|Severity|Logger|ACH|User|Thread|Bundle name|JPSpace|JPAppliance|JPComponent|Tenant Alias|Text|
SEVERITY_MAP:FINEST|Information|FINER|Information|FINE|Information|CONFIG|Information|DEBUG|Information|PATH|Information|INFO|Information|WARNING|Warning|ERROR|Error|SEVERE|Error|FATAL|Error
HEADER_END


FILE_TYPE:DAAA96DE-B0FB-4c6e-AF7B-A445F5BF9BE2
FILE_ID:1542876966999
ENCODING:[UTF8|NWCJS:ASCII]
RECORD_SEPARATOR:124
COLUMN_SEPARATOR:35
ESC_CHARACTER:92
COLUMNS:Time|TZone|Severity|Logger|ACH|User|Thread|Bundle name|JPSpace|JPAppliance|JPComponent|Tenant Alias|Text|
SEVERITY_MAP:FINEST|Information|FINER|Information|FINE|Information|CONFIG|Information|DEBUG|Information|PATH|Information|INFO|Information|WARNING|Warning|ERROR|Error|SEVERE|Error|FATAL|Error
HEADER_END


FILE_TYPE:DAAA96DE-B0FB-4c6e-AF7B-A445F5BF9BE2
FILE_ID:1542877419490
ENCODING:[UTF8|NWCJS:ASCII]
RECORD_SEPARATOR:124
COLUMN_SEPARATOR:35
ESC_CHARACTER:92
COLUMNS:Time|TZone|Severity|Logger|ACH|User|Thread|Bundle name|JPSpace|JPAppliance|JPComponent|Tenant Alias|Text|
SEVERITY_MAP:FINEST|Information|FINER|Information|FINE|Information|CONFIG|Information|DEBUG|Information|PATH|Information|INFO|Information|WARNING|Warning|ERROR|Error|SEVERE|Error|FATAL|Error
HEADER_END


FILE_TYPE:DAAA96DE-B0FB-4c6e-AF7B-A445F5BF9BE2
FILE_ID:1542877678101
ENCODING:[UTF8|NWCJS:ASCII]
RECORD_SEPARATOR:124
COLUMN_SEPARATOR:35
ESC_CHARACTER:92
COLUMNS:Time|TZone|Severity|Logger|ACH|User|Thread|Bundle name|JPSpace|JPAppliance|JPComponent|Tenant Alias|Text|
SEVERITY_MAP:FINEST|Information|FINER|Information|FINE|Information|CONFIG|Information|DEBUG|Information|PATH|Information|INFO|Information|WARNING|Warning|ERROR|Error|SEVERE|Error|FATAL|Error
HEADER_END


FILE_TYPE:DAAA96DE-B0FB-4c6e-AF7B-A445F5BF9BE2
FILE_ID:1542882595827
ENCODING:[UTF8|NWCJS:ASCII]
RECORD_SEPARATOR:124
COLUMN_SEPARATOR:35
ESC_CHARACTER:92
COLUMNS:Time|TZone|Severity|Logger|ACH|User|Thread|Bundle name|JPSpace|JPAppliance|JPComponent|Tenant Alias|Text|
SEVERITY_MAP:FINEST|Information|FINER|Information|FINE|Information|CONFIG|Information|DEBUG|Information|PATH|Information|INFO|Information|WARNING|Warning|ERROR|Error|SEVERE|Error|FATAL|Error
HEADER_END


FILE_TYPE:DAAA96DE-B0FB-4c6e-AF7B-A445F5BF9BE2
FILE_ID:1542884441676
ENCODING:[UTF8|NWCJS:ASCII]
RECORD_SEPARATOR:124
COLUMN_SEPARATOR:35
ESC_CHARACTER:92
COLUMNS:Time|TZone|Severity|Logger|ACH|User|Thread|Bundle name|JPSpace|JPAppliance|JPComponent|Tenant Alias|Text|
SEVERITY_MAP:FINEST|Information|FINER|Information|FINE|Information|CONFIG|Information|DEBUG|Information|PATH|Information|INFO|Information|WARNING|Warning|ERROR|Error|SEVERE|Error|FATAL|Error
HEADER_END


FILE_TYPE:DAAA96DE-B0FB-4c6e-AF7B-A445F5BF9BE2
FILE_ID:1542884496352
ENCODING:[UTF8|NWCJS:ASCII]
RECORD_SEPARATOR:124
COLUMN_SEPARATOR:35
ESC_CHARACTER:92
COLUMNS:Time|TZone|Severity|Logger|ACH|User|Thread|Bundle name|JPSpace|JPAppliance|JPComponent|Tenant Alias|Text|
SEVERITY_MAP:FINEST|Information|FINER|Information|FINE|Information|CONFIG|Information|DEBUG|Information|PATH|Information|INFO|Information|WARNING|Warning|ERROR|Error|SEVERE|Error|FATAL|Error
HEADER_END


FILE_TYPE:DAAA96DE-B0FB-4c6e-AF7B-A445F5BF9BE2
FILE_ID:1542884635344
ENCODING:[UTF8|NWCJS:ASCII]
RECORD_SEPARATOR:124
COLUMN_SEPARATOR:35
ESC_CHARACTER:92
COLUMNS:Time|TZone|Severity|Logger|ACH|User|Thread|Bundle name|JPSpace|JPAppliance|JPComponent|Tenant Alias|Text|
SEVERITY_MAP:FINEST|Information|FINER|Information|FINE|Information|CONFIG|Information|DEBUG|Information|PATH|Information|INFO|Information|WARNING|Warning|ERROR|Error|SEVERE|Error|FATAL|Error
HEADER_END


FILE_TYPE:DAAA96DE-B0FB-4c6e-AF7B-A445F5BF9BE2
FILE_ID:1542885404469
ENCODING:[UTF8|NWCJS:ASCII]
RECORD_SEPARATOR:124
COLUMN_SEPARATOR:35
ESC_CHARACTER:92
COLUMNS:Time|TZone|Severity|Logger|ACH|User|Thread|Bundle name|JPSpace|JPAppliance|JPComponent|Tenant Alias|Text|
SEVERITY_MAP:FINEST|Information|FINER|Information|FINE|Information|CONFIG|Information|DEBUG|Information|PATH|Information|INFO|Information|WARNING|Warning|ERROR|Error|SEVERE|Error|FATAL|Error
HEADER_END


FILE_TYPE:DAAA96DE-B0FB-4c6e-AF7B-A445F5BF9BE2
FILE_ID:1542885627852
ENCODING:[UTF8|NWCJS:ASCII]
RECORD_SEPARATOR:124
COLUMN_SEPARATOR:35
ESC_CHARACTER:92
COLUMNS:Time|TZone|Severity|Logger|ACH|User|Thread|Bundle name|JPSpace|JPAppliance|JPComponent|Tenant Alias|Text|
SEVERITY_MAP:FINEST|Information|FINER|Information|FINE|Information|CONFIG|Information|DEBUG|Information|PATH|Information|INFO|Information|WARNING|Warning|ERROR|Error|SEVERE|Error|FATAL|Error
HEADER_END


FILE_TYPE:DAAA96DE-B0FB-4c6e-AF7B-A445F5BF9BE2
FILE_ID:1542885892068
ENCODING:[UTF8|NWCJS:ASCII]
RECORD_SEPARATOR:124
COLUMN_SEPARATOR:35
ESC_CHARACTER:92
COLUMNS:Time|TZone|Severity|Logger|ACH|User|Thread|Bundle name|JPSpace|JPAppliance|JPComponent|Tenant Alias|Text|
SEVERITY_MAP:FINEST|Information|FINER|Information|FINE|Information|CONFIG|Information|DEBUG|Information|PATH|Information|INFO|Information|WARNING|Warning|ERROR|Error|SEVERE|Error|FATAL|Error
HEADER_END


FILE_TYPE:DAAA96DE-B0FB-4c6e-AF7B-A445F5BF9BE2
FILE_ID:1542948715888
ENCODING:[UTF8|NWCJS:ASCII]
RECORD_SEPARATOR:124
COLUMN_SEPARATOR:35
ESC_CHARACTER:92
COLUMNS:Time|TZone|Severity|Logger|ACH|User|Thread|Bundle name|JPSpace|JPAppliance|JPComponent|Tenant Alias|Text|
SEVERITY_MAP:FINEST|Information|FINER|Information|FINE|Information|CONFIG|Information|DEBUG|Information|PATH|Information|INFO|Information|WARNING|Warning|ERROR|Error|SEVERE|Error|FATAL|Error
HEADER_END


FILE_TYPE:DAAA96DE-B0FB-4c6e-AF7B-A445F5BF9BE2
FILE_ID:1542948992285
ENCODING:[UTF8|NWCJS:ASCII]
RECORD_SEPARATOR:124
COLUMN_SEPARATOR:35
ESC_CHARACTER:92
COLUMNS:Time|TZone|Severity|Logger|ACH|User|Thread|Bundle name|JPSpace|JPAppliance|JPComponent|Tenant Alias|Text|
SEVERITY_MAP:FINEST|Information|FINER|Information|FINE|Information|CONFIG|Information|DEBUG|Information|PATH|Information|INFO|Information|WARNING|Warning|ERROR|Error|SEVERE|Error|FATAL|Error
HEADER_END


FILE_TYPE:DAAA96DE-B0FB-4c6e-AF7B-A445F5BF9BE2
FILE_ID:1542949103986
ENCODING:[UTF8|NWCJS:ASCII]
RECORD_SEPARATOR:124
COLUMN_SEPARATOR:35
ESC_CHARACTER:92
COLUMNS:Time|TZone|Severity|Logger|ACH|User|Thread|Bundle name|JPSpace|JPAppliance|JPComponent|Tenant Alias|Text|
SEVERITY_MAP:FINEST|Information|FINER|Information|FINE|Information|CONFIG|Information|DEBUG|Information|PATH|Information|INFO|Information|WARNING|Warning|ERROR|Error|SEVERE|Error|FATAL|Error
HEADER_END


FILE_TYPE:DAAA96DE-B0FB-4c6e-AF7B-A445F5BF9BE2
FILE_ID:1542949232921
ENCODING:[UTF8|NWCJS:ASCII]
RECORD_SEPARATOR:124
COLUMN_SEPARATOR:35
ESC_CHARACTER:92
COLUMNS:Time|TZone|Severity|Logger|ACH|User|Thread|Bundle name|JPSpace|JPAppliance|JPComponent|Tenant Alias|Text|
SEVERITY_MAP:FINEST|Information|FINER|Information|FINE|Information|CONFIG|Information|DEBUG|Information|PATH|Information|INFO|Information|WARNING|Warning|ERROR|Error|SEVERE|Error|FATAL|Error
HEADER_END


FILE_TYPE:DAAA96DE-B0FB-4c6e-AF7B-A445F5BF9BE2
FILE_ID:1542949308135
ENCODING:[UTF8|NWCJS:ASCII]
RECORD_SEPARATOR:124
COLUMN_SEPARATOR:35
ESC_CHARACTER:92
COLUMNS:Time|TZone|Severity|Logger|ACH|User|Thread|Bundle name|JPSpace|JPAppliance|JPComponent|Tenant Alias|Text|
SEVERITY_MAP:FINEST|Information|FINER|Information|FINE|Information|CONFIG|Information|DEBUG|Information|PATH|Information|INFO|Information|WARNING|Warning|ERROR|Error|SEVERE|Error|FATAL|Error
HEADER_END


FILE_TYPE:DAAA96DE-B0FB-4c6e-AF7B-A445F5BF9BE2
FILE_ID:1542950231514
ENCODING:[UTF8|NWCJS:ASCII]
RECORD_SEPARATOR:124
COLUMN_SEPARATOR:35
ESC_CHARACTER:92
COLUMNS:Time|TZone|Severity|Logger|ACH|User|Thread|Bundle name|JPSpace|JPAppliance|JPComponent|Tenant Alias|Text|
SEVERITY_MAP:FINEST|Information|FINER|Information|FINE|Information|CONFIG|Information|DEBUG|Information|PATH|Information|INFO|Information|WARNING|Warning|ERROR|Error|SEVERE|Error|FATAL|Error
HEADER_END


FILE_TYPE:DAAA96DE-B0FB-4c6e-AF7B-A445F5BF9BE2
FILE_ID:1542955155597
ENCODING:[UTF8|NWCJS:ASCII]
RECORD_SEPARATOR:124
COLUMN_SEPARATOR:35
ESC_CHARACTER:92
COLUMNS:Time|TZone|Severity|Logger|ACH|User|Thread|Bundle name|JPSpace|JPAppliance|JPComponent|Tenant Alias|Text|
SEVERITY_MAP:FINEST|Information|FINER|Information|FINE|Information|CONFIG|Information|DEBUG|Information|PATH|Information|INFO|Information|WARNING|Warning|ERROR|Error|SEVERE|Error|FATAL|Error
HEADER_END


FILE_TYPE:DAAA96DE-B0FB-4c6e-AF7B-A445F5BF9BE2
FILE_ID:1542955499290
ENCODING:[UTF8|NWCJS:ASCII]
RECORD_SEPARATOR:124
COLUMN_SEPARATOR:35
ESC_CHARACTER:92
COLUMNS:Time|TZone|Severity|Logger|ACH|User|Thread|Bundle name|JPSpace|JPAppliance|JPComponent|Tenant Alias|Text|
SEVERITY_MAP:FINEST|Information|FINER|Information|FINE|Information|CONFIG|Information|DEBUG|Information|PATH|Information|INFO|Information|WARNING|Warning|ERROR|Error|SEVERE|Error|FATAL|Error
HEADER_END


FILE_TYPE:DAAA96DE-B0FB-4c6e-AF7B-A445F5BF9BE2
FILE_ID:1542955739352
ENCODING:[UTF8|NWCJS:ASCII]
RECORD_SEPARATOR:124
COLUMN_SEPARATOR:35
ESC_CHARACTER:92
COLUMNS:Time|TZone|Severity|Logger|ACH|User|Thread|Bundle name|JPSpace|JPAppliance|JPComponent|Tenant Alias|Text|
SEVERITY_MAP:FINEST|Information|FINER|Information|FINE|Information|CONFIG|Information|DEBUG|Information|PATH|Information|INFO|Information|WARNING|Warning|ERROR|Error|SEVERE|Error|FATAL|Error
HEADER_END


FILE_TYPE:DAAA96DE-B0FB-4c6e-AF7B-A445F5BF9BE2
FILE_ID:1542955982532
ENCODING:[UTF8|NWCJS:ASCII]
RECORD_SEPARATOR:124
COLUMN_SEPARATOR:35
ESC_CHARACTER:92
COLUMNS:Time|TZone|Severity|Logger|ACH|User|Thread|Bundle name|JPSpace|JPAppliance|JPComponent|Tenant Alias|Text|
SEVERITY_MAP:FINEST|Information|FINER|Information|FINE|Information|CONFIG|Information|DEBUG|Information|PATH|Information|INFO|Information|WARNING|Warning|ERROR|Error|SEVERE|Error|FATAL|Error
HEADER_END


FILE_TYPE:DAAA96DE-B0FB-4c6e-AF7B-A445F5BF9BE2
FILE_ID:1542956631787
ENCODING:[UTF8|NWCJS:ASCII]
RECORD_SEPARATOR:124
COLUMN_SEPARATOR:35
ESC_CHARACTER:92
COLUMNS:Time|TZone|Severity|Logger|ACH|User|Thread|Bundle name|JPSpace|JPAppliance|JPComponent|Tenant Alias|Text|
SEVERITY_MAP:FINEST|Information|FINER|Information|FINE|Information|CONFIG|Information|DEBUG|Information|PATH|Information|INFO|Information|WARNING|Warning|ERROR|Error|SEVERE|Error|FATAL|Error
HEADER_END


FILE_TYPE:DAAA96DE-B0FB-4c6e-AF7B-A445F5BF9BE2
FILE_ID:1542956814792
ENCODING:[UTF8|NWCJS:ASCII]
RECORD_SEPARATOR:124
COLUMN_SEPARATOR:35
ESC_CHARACTER:92
COLUMNS:Time|TZone|Severity|Logger|ACH|User|Thread|Bundle name|JPSpace|JPAppliance|JPComponent|Tenant Alias|Text|
SEVERITY_MAP:FINEST|Information|FINER|Information|FINE|Information|CONFIG|Information|DEBUG|Information|PATH|Information|INFO|Information|WARNING|Warning|ERROR|Error|SEVERE|Error|FATAL|Error
HEADER_END


FILE_TYPE:DAAA96DE-B0FB-4c6e-AF7B-A445F5BF9BE2
FILE_ID:1542957747843
ENCODING:[UTF8|NWCJS:ASCII]
RECORD_SEPARATOR:124
COLUMN_SEPARATOR:35
ESC_CHARACTER:92
COLUMNS:Time|TZone|Severity|Logger|ACH|User|Thread|Bundle name|JPSpace|JPAppliance|JPComponent|Tenant Alias|Text|
SEVERITY_MAP:FINEST|Information|FINER|Information|FINE|Information|CONFIG|Information|DEBUG|Information|PATH|Information|INFO|Information|WARNING|Warning|ERROR|Error|SEVERE|Error|FATAL|Error
HEADER_END


FILE_TYPE:DAAA96DE-B0FB-4c6e-AF7B-A445F5BF9BE2
FILE_ID:1543221287213
ENCODING:[UTF8|NWCJS:ASCII]
RECORD_SEPARATOR:124
COLUMN_SEPARATOR:35
ESC_CHARACTER:92
COLUMNS:Time|TZone|Severity|Logger|ACH|User|Thread|Bundle name|JPSpace|JPAppliance|JPComponent|Tenant Alias|Text|
SEVERITY_MAP:FINEST|Information|FINER|Information|FINE|Information|CONFIG|Information|DEBUG|Information|PATH|Information|INFO|Information|WARNING|Warning|ERROR|Error|SEVERE|Error|FATAL|Error
HEADER_END


FILE_TYPE:DAAA96DE-B0FB-4c6e-AF7B-A445F5BF9BE2
FILE_ID:1543289658916
ENCODING:[UTF8|NWCJS:ASCII]
RECORD_SEPARATOR:124
COLUMN_SEPARATOR:35
ESC_CHARACTER:92
COLUMNS:Time|TZone|Severity|Logger|ACH|User|Thread|Bundle name|JPSpace|JPAppliance|JPComponent|Tenant Alias|Text|
SEVERITY_MAP:FINEST|Information|FINER|Information|FINE|Information|CONFIG|Information|DEBUG|Information|PATH|Information|INFO|Information|WARNING|Warning|ERROR|Error|SEVERE|Error|FATAL|Error
HEADER_END


FILE_TYPE:DAAA96DE-B0FB-4c6e-AF7B-A445F5BF9BE2
FILE_ID:1560253767089
ENCODING:[UTF8|NWCJS:ASCII]
RECORD_SEPARATOR:124
COLUMN_SEPARATOR:35
ESC_CHARACTER:92
COLUMNS:Time|TZone|Severity|Logger|ACH|User|Thread|Bundle name|JPSpace|JPAppliance|JPComponent|Tenant Alias|Text|
SEVERITY_MAP:FINEST|Information|FINER|Information|FINE|Information|CONFIG|Information|DEBUG|Information|PATH|Information|INFO|Information|WARNING|Warning|ERROR|Error|SEVERE|Error|FATAL|Error
HEADER_END


FILE_TYPE:DAAA96DE-B0FB-4c6e-AF7B-A445F5BF9BE2
FILE_ID:1561097863875
ENCODING:[UTF8|NWCJS:ASCII]
RECORD_SEPARATOR:124
COLUMN_SEPARATOR:35
ESC_CHARACTER:92
COLUMNS:Time|TZone|Severity|Logger|ACH|User|Thread|Bundle name|JPSpace|JPAppliance|JPComponent|Tenant Alias|Text|
SEVERITY_MAP:FINEST|Information|FINER|Information|FINE|Information|CONFIG|Information|DEBUG|Information|PATH|Information|INFO|Information|WARNING|Warning|ERROR|Error|SEVERE|Error|FATAL|Error
HEADER_END


FILE_TYPE:DAAA96DE-B0FB-4c6e-AF7B-A445F5BF9BE2
FILE_ID:1561100419446
ENCODING:[UTF8|NWCJS:ASCII]
RECORD_SEPARATOR:124
COLUMN_SEPARATOR:35
ESC_CHARACTER:92
COLUMNS:Time|TZone|Severity|Logger|ACH|User|Thread|Bundle name|JPSpace|JPAppliance|JPComponent|Tenant Alias|Text|
SEVERITY_MAP:FINEST|Information|FINER|Information|FINE|Information|CONFIG|Information|DEBUG|Information|PATH|Information|INFO|Information|WARNING|Warning|ERROR|Error|SEVERE|Error|FATAL|Error
HEADER_END


