FILE_TYPE:DAAA96DE-B0FB-4c6e-AF7B-A445F5BF9BE2
FILE_ID:1542876227442
ENCODING:[UTF8|NWCJS:ASCII]
RECORD_SEPARATOR:124
COLUMN_SEPARATOR:35
ESC_CHARACTER:92
COLUMNS:Time|TZone|Severity|Logger|ACH|User|Thread|Bundle name|JPSpace|JPAppliance|JPComponent|Tenant Alias|DSR Root Context ID|DSR Transaction|DSR Connection|DSR Counter|Text|
SEVERITY_MAP:FINEST|Information|FINER|Information|FINE|Information|CONFIG|Information|DEBUG|Information|PATH|Information|INFO|Information|WARNING|Warning|ERROR|Error|SEVERE|Error|FATAL|Error
HEADER_END


2018 11 22 14:14:18#+0530#ERROR#com.sap.cloud.runtime.kotyo.persistence.client.pool.jmx.ConnectionPoolJmxManager##anonymous#localhost-startStop-1#na#N/A#N/A#N/A##na#na#na#na#Invalid character ':' in value part of property javax.management.MalformedObjectNameException: Invalid character ':' in value part of property
	at javax.management.ObjectName.construct(ObjectName.java:620)
	at javax.management.ObjectName.<init>(ObjectName.java:1385)
	at com.sap.cloud.runtime.kotyo.persistence.client.pool.jmx.ConnectionPoolJmxManager.initJMX(ConnectionPoolJmxManager.java:43)
	at com.sap.cloud.runtime.kotyo.persistence.client.pool.jmx.ConnectionPoolJmxManager.<init>(ConnectionPoolJmxManager.java:24)
	at com.sap.cloud.runtime.kotyo.persistence.client.pool.jmx.ConnectionPoolJmxManager.getInstance(ConnectionPoolJmxManager.java:33)
	at com.sap.cloud.runtime.kotyo.persistence.client.pool.trace.TraceableGenericObjectPool.<init>(TraceableGenericObjectPool.java:26)
	at com.sap.cloud.runtime.kotyo.persistence.client.datasource.DataSourceFactory.createPoolingDataSource(DataSourceFactory.java:97)
	at com.sap.cloud.runtime.kotyo.persistence.client.datasource.managed.ManagedDataSourceFactory.setupDataSource(ManagedDataSourceFactory.java:45)
	at com.sap.cloud.runtime.kotyo.persistence.client.datasource.DataSourceFactory.createDataSource(DataSourceFactory.java:40)
	at com.sap.cloud.runtime.kotyo.persistence.client.PersistenceDataSourceFactory.getObjectInstance(PersistenceDataSourceFactory.java:52)
	at com.sap.core.services.accessor.tomcat.support.DelegatingObjectFactory.getObjectInstanceFromFactory(DelegatingObjectFactory.java:99)
	at com.sap.core.services.accessor.tomcat.support.DelegatingObjectFactory.getObjectInstance(DelegatingObjectFactory.java:47)
	at com.sap.cloud.runtime.kotee.deployer.KoteeServiceProvider.createObject(KoteeServiceProvider.java:84)
	at sun.reflect.NativeMethodAccessorImpl.invoke0(Native Method)
	at sun.reflect.NativeMethodAccessorImpl.invoke(NativeMethodAccessorImpl.java:62)
	at sun.reflect.DelegatingMethodAccessorImpl.invoke(DelegatingMethodAccessorImpl.java:43)
	at java.lang.reflect.Method.invoke(Method.java:498)
	at org.apache.xbean.recipe.ObjectRecipe.internalCreate(ObjectRecipe.java:298)
	at org.apache.xbean.recipe.AbstractRecipe.create(AbstractRecipe.java:96)
	at org.apache.xbean.recipe.AbstractRecipe.create(AbstractRecipe.java:61)
	at org.apache.openejb.assembler.classic.Assembler.doCreateResource(Assembler.java:3072)
	at org.apache.openejb.assembler.classic.Assembler.createResource(Assembler.java:2905)
	at org.apache.openejb.config.ConfigurationFactory.doInstall(ConfigurationFactory.java:466)
	at org.apache.openejb.config.ConfigurationFactory.install(ConfigurationFactory.java:459)
	at org.apache.openejb.config.AutoConfig.installResource(AutoConfig.java:2193)
	at org.apache.openejb.config.AutoConfig.processApplicationResources(AutoConfig.java:1026)
	at org.apache.openejb.config.AutoConfig.deploy(AutoConfig.java:190)
	at org.apache.openejb.config.ConfigurationFactory$Chain.deploy(ConfigurationFactory.java:420)
	at org.apache.openejb.config.ConfigurationFactory.configureApplication(ConfigurationFactory.java:1037)
	at org.apache.tomee.catalina.TomcatWebAppBuilder.startInternal(TomcatWebAppBuilder.java:1277)
	at org.apache.tomee.catalina.TomcatWebAppBuilder.configureStart(TomcatWebAppBuilder.java:1125)
	at org.apache.tomee.catalina.GlobalListenerSupport.lifecycleEvent(GlobalListenerSupport.java:133)
	at org.apache.catalina.util.LifecycleBase.fireLifecycleEvent(LifecycleBase.java:94)
	at org.apache.catalina.core.StandardContext.startInternal(StandardContext.java:5154)
	at org.apache.catalina.util.LifecycleBase.start(LifecycleBase.java:150)
	at org.apache.catalina.core.ContainerBase$StartChild.call(ContainerBase.java:1420)
	at org.apache.catalina.core.ContainerBase$StartChild.call(ContainerBase.java:1410)
	at java.util.concurrent.FutureTask.run(FutureTask.java:266)
	at java.util.concurrent.ThreadPoolExecutor.runWorker(ThreadPoolExecutor.java:1149)
	at java.util.concurrent.ThreadPoolExecutor$Worker.run(ThreadPoolExecutor.java:624)
	at java.lang.Thread.run(Thread.java:836)
|
FILE_TYPE:DAAA96DE-B0FB-4c6e-AF7B-A445F5BF9BE2
FILE_ID:1542876966983
ENCODING:[UTF8|NWCJS:ASCII]
RECORD_SEPARATOR:124
COLUMN_SEPARATOR:35
ESC_CHARACTER:92
COLUMNS:Time|TZone|Severity|Logger|ACH|User|Thread|Bundle name|JPSpace|JPAppliance|JPComponent|Tenant Alias|DSR Root Context ID|DSR Transaction|DSR Connection|DSR Counter|Text|
SEVERITY_MAP:FINEST|Information|FINER|Information|FINE|Information|CONFIG|Information|DEBUG|Information|PATH|Information|INFO|Information|WARNING|Warning|ERROR|Error|SEVERE|Error|FATAL|Error
HEADER_END


2018 11 22 14:26:33#+0530#ERROR#com.sap.cloud.runtime.kotyo.persistence.client.pool.jmx.ConnectionPoolJmxManager##anonymous#localhost-startStop-1#na#N/A#N/A#N/A##na#na#na#na#Invalid character ':' in value part of property javax.management.MalformedObjectNameException: Invalid character ':' in value part of property
	at javax.management.ObjectName.construct(ObjectName.java:620)
	at javax.management.ObjectName.<init>(ObjectName.java:1385)
	at com.sap.cloud.runtime.kotyo.persistence.client.pool.jmx.ConnectionPoolJmxManager.initJMX(ConnectionPoolJmxManager.java:43)
	at com.sap.cloud.runtime.kotyo.persistence.client.pool.jmx.ConnectionPoolJmxManager.<init>(ConnectionPoolJmxManager.java:24)
	at com.sap.cloud.runtime.kotyo.persistence.client.pool.jmx.ConnectionPoolJmxManager.getInstance(ConnectionPoolJmxManager.java:33)
	at com.sap.cloud.runtime.kotyo.persistence.client.pool.trace.TraceableGenericObjectPool.<init>(TraceableGenericObjectPool.java:26)
	at com.sap.cloud.runtime.kotyo.persistence.client.datasource.DataSourceFactory.createPoolingDataSource(DataSourceFactory.java:97)
	at com.sap.cloud.runtime.kotyo.persistence.client.datasource.managed.ManagedDataSourceFactory.setupDataSource(ManagedDataSourceFactory.java:45)
	at com.sap.cloud.runtime.kotyo.persistence.client.datasource.DataSourceFactory.createDataSource(DataSourceFactory.java:40)
	at com.sap.cloud.runtime.kotyo.persistence.client.PersistenceDataSourceFactory.getObjectInstance(PersistenceDataSourceFactory.java:52)
	at com.sap.core.services.accessor.tomcat.support.DelegatingObjectFactory.getObjectInstanceFromFactory(DelegatingObjectFactory.java:99)
	at com.sap.core.services.accessor.tomcat.support.DelegatingObjectFactory.getObjectInstance(DelegatingObjectFactory.java:47)
	at com.sap.cloud.runtime.kotee.deployer.KoteeServiceProvider.createObject(KoteeServiceProvider.java:84)
	at sun.reflect.NativeMethodAccessorImpl.invoke0(Native Method)
	at sun.reflect.NativeMethodAccessorImpl.invoke(NativeMethodAccessorImpl.java:62)
	at sun.reflect.DelegatingMethodAccessorImpl.invoke(DelegatingMethodAccessorImpl.java:43)
	at java.lang.reflect.Method.invoke(Method.java:498)
	at org.apache.xbean.recipe.ObjectRecipe.internalCreate(ObjectRecipe.java:298)
	at org.apache.xbean.recipe.AbstractRecipe.create(AbstractRecipe.java:96)
	at org.apache.xbean.recipe.AbstractRecipe.create(AbstractRecipe.java:61)
	at org.apache.openejb.assembler.classic.Assembler.doCreateResource(Assembler.java:3072)
	at org.apache.openejb.assembler.classic.Assembler.createResource(Assembler.java:2905)
	at org.apache.openejb.config.ConfigurationFactory.doInstall(ConfigurationFactory.java:466)
	at org.apache.openejb.config.ConfigurationFactory.install(ConfigurationFactory.java:459)
	at org.apache.openejb.config.AutoConfig.installResource(AutoConfig.java:2193)
	at org.apache.openejb.config.AutoConfig.processApplicationResources(AutoConfig.java:1026)
	at org.apache.openejb.config.AutoConfig.deploy(AutoConfig.java:190)
	at org.apache.openejb.config.ConfigurationFactory$Chain.deploy(ConfigurationFactory.java:420)
	at org.apache.openejb.config.ConfigurationFactory.configureApplication(ConfigurationFactory.java:1037)
	at org.apache.tomee.catalina.TomcatWebAppBuilder.startInternal(TomcatWebAppBuilder.java:1277)
	at org.apache.tomee.catalina.TomcatWebAppBuilder.configureStart(TomcatWebAppBuilder.java:1125)
	at org.apache.tomee.catalina.GlobalListenerSupport.lifecycleEvent(GlobalListenerSupport.java:133)
	at org.apache.catalina.util.LifecycleBase.fireLifecycleEvent(LifecycleBase.java:94)
	at org.apache.catalina.core.StandardContext.startInternal(StandardContext.java:5154)
	at org.apache.catalina.util.LifecycleBase.start(LifecycleBase.java:150)
	at org.apache.catalina.core.ContainerBase$StartChild.call(ContainerBase.java:1420)
	at org.apache.catalina.core.ContainerBase$StartChild.call(ContainerBase.java:1410)
	at java.util.concurrent.FutureTask.run(FutureTask.java:266)
	at java.util.concurrent.ThreadPoolExecutor.runWorker(ThreadPoolExecutor.java:1149)
	at java.util.concurrent.ThreadPoolExecutor$Worker.run(ThreadPoolExecutor.java:624)
	at java.lang.Thread.run(Thread.java:836)
|
FILE_TYPE:DAAA96DE-B0FB-4c6e-AF7B-A445F5BF9BE2
FILE_ID:1542877419480
ENCODING:[UTF8|NWCJS:ASCII]
RECORD_SEPARATOR:124
COLUMN_SEPARATOR:35
ESC_CHARACTER:92
COLUMNS:Time|TZone|Severity|Logger|ACH|User|Thread|Bundle name|JPSpace|JPAppliance|JPComponent|Tenant Alias|DSR Root Context ID|DSR Transaction|DSR Connection|DSR Counter|Text|
SEVERITY_MAP:FINEST|Information|FINER|Information|FINE|Information|CONFIG|Information|DEBUG|Information|PATH|Information|INFO|Information|WARNING|Warning|ERROR|Error|SEVERE|Error|FATAL|Error
HEADER_END


2018 11 22 14:34:05#+0530#ERROR#com.sap.cloud.runtime.kotyo.persistence.client.pool.jmx.ConnectionPoolJmxManager##anonymous#localhost-startStop-1#na#N/A#N/A#N/A##na#na#na#na#Invalid character ':' in value part of property javax.management.MalformedObjectNameException: Invalid character ':' in value part of property
	at javax.management.ObjectName.construct(ObjectName.java:620)
	at javax.management.ObjectName.<init>(ObjectName.java:1385)
	at com.sap.cloud.runtime.kotyo.persistence.client.pool.jmx.ConnectionPoolJmxManager.initJMX(ConnectionPoolJmxManager.java:43)
	at com.sap.cloud.runtime.kotyo.persistence.client.pool.jmx.ConnectionPoolJmxManager.<init>(ConnectionPoolJmxManager.java:24)
	at com.sap.cloud.runtime.kotyo.persistence.client.pool.jmx.ConnectionPoolJmxManager.getInstance(ConnectionPoolJmxManager.java:33)
	at com.sap.cloud.runtime.kotyo.persistence.client.pool.trace.TraceableGenericObjectPool.<init>(TraceableGenericObjectPool.java:26)
	at com.sap.cloud.runtime.kotyo.persistence.client.datasource.DataSourceFactory.createPoolingDataSource(DataSourceFactory.java:97)
	at com.sap.cloud.runtime.kotyo.persistence.client.datasource.managed.ManagedDataSourceFactory.setupDataSource(ManagedDataSourceFactory.java:45)
	at com.sap.cloud.runtime.kotyo.persistence.client.datasource.DataSourceFactory.createDataSource(DataSourceFactory.java:40)
	at com.sap.cloud.runtime.kotyo.persistence.client.PersistenceDataSourceFactory.getObjectInstance(PersistenceDataSourceFactory.java:52)
	at com.sap.core.services.accessor.tomcat.support.DelegatingObjectFactory.getObjectInstanceFromFactory(DelegatingObjectFactory.java:99)
	at com.sap.core.services.accessor.tomcat.support.DelegatingObjectFactory.getObjectInstance(DelegatingObjectFactory.java:47)
	at com.sap.cloud.runtime.kotee.deployer.KoteeServiceProvider.createObject(KoteeServiceProvider.java:84)
	at sun.reflect.NativeMethodAccessorImpl.invoke0(Native Method)
	at sun.reflect.NativeMethodAccessorImpl.invoke(NativeMethodAccessorImpl.java:62)
	at sun.reflect.DelegatingMethodAccessorImpl.invoke(DelegatingMethodAccessorImpl.java:43)
	at java.lang.reflect.Method.invoke(Method.java:498)
	at org.apache.xbean.recipe.ObjectRecipe.internalCreate(ObjectRecipe.java:298)
	at org.apache.xbean.recipe.AbstractRecipe.create(AbstractRecipe.java:96)
	at org.apache.xbean.recipe.AbstractRecipe.create(AbstractRecipe.java:61)
	at org.apache.openejb.assembler.classic.Assembler.doCreateResource(Assembler.java:3072)
	at org.apache.openejb.assembler.classic.Assembler.createResource(Assembler.java:2905)
	at org.apache.openejb.config.ConfigurationFactory.doInstall(ConfigurationFactory.java:466)
	at org.apache.openejb.config.ConfigurationFactory.install(ConfigurationFactory.java:459)
	at org.apache.openejb.config.AutoConfig.installResource(AutoConfig.java:2193)
	at org.apache.openejb.config.AutoConfig.processApplicationResources(AutoConfig.java:1026)
	at org.apache.openejb.config.AutoConfig.deploy(AutoConfig.java:190)
	at org.apache.openejb.config.ConfigurationFactory$Chain.deploy(ConfigurationFactory.java:420)
	at org.apache.openejb.config.ConfigurationFactory.configureApplication(ConfigurationFactory.java:1037)
	at org.apache.tomee.catalina.TomcatWebAppBuilder.startInternal(TomcatWebAppBuilder.java:1277)
	at org.apache.tomee.catalina.TomcatWebAppBuilder.configureStart(TomcatWebAppBuilder.java:1125)
	at org.apache.tomee.catalina.GlobalListenerSupport.lifecycleEvent(GlobalListenerSupport.java:133)
	at org.apache.catalina.util.LifecycleBase.fireLifecycleEvent(LifecycleBase.java:94)
	at org.apache.catalina.core.StandardContext.startInternal(StandardContext.java:5154)
	at org.apache.catalina.util.LifecycleBase.start(LifecycleBase.java:150)
	at org.apache.catalina.core.ContainerBase$StartChild.call(ContainerBase.java:1420)
	at org.apache.catalina.core.ContainerBase$StartChild.call(ContainerBase.java:1410)
	at java.util.concurrent.FutureTask.run(FutureTask.java:266)
	at java.util.concurrent.ThreadPoolExecutor.runWorker(ThreadPoolExecutor.java:1149)
	at java.util.concurrent.ThreadPoolExecutor$Worker.run(ThreadPoolExecutor.java:624)
	at java.lang.Thread.run(Thread.java:836)
|
FILE_TYPE:DAAA96DE-B0FB-4c6e-AF7B-A445F5BF9BE2
FILE_ID:1542877678085
ENCODING:[UTF8|NWCJS:ASCII]
RECORD_SEPARATOR:124
COLUMN_SEPARATOR:35
ESC_CHARACTER:92
COLUMNS:Time|TZone|Severity|Logger|ACH|User|Thread|Bundle name|JPSpace|JPAppliance|JPComponent|Tenant Alias|DSR Root Context ID|DSR Transaction|DSR Connection|DSR Counter|Text|
SEVERITY_MAP:FINEST|Information|FINER|Information|FINE|Information|CONFIG|Information|DEBUG|Information|PATH|Information|INFO|Information|WARNING|Warning|ERROR|Error|SEVERE|Error|FATAL|Error
HEADER_END


2018 11 22 14:38:24#+0530#ERROR#com.sap.cloud.runtime.kotyo.persistence.client.pool.jmx.ConnectionPoolJmxManager##anonymous#localhost-startStop-1#na#N/A#N/A#N/A##na#na#na#na#Invalid character ':' in value part of property javax.management.MalformedObjectNameException: Invalid character ':' in value part of property
	at javax.management.ObjectName.construct(ObjectName.java:620)
	at javax.management.ObjectName.<init>(ObjectName.java:1385)
	at com.sap.cloud.runtime.kotyo.persistence.client.pool.jmx.ConnectionPoolJmxManager.initJMX(ConnectionPoolJmxManager.java:43)
	at com.sap.cloud.runtime.kotyo.persistence.client.pool.jmx.ConnectionPoolJmxManager.<init>(ConnectionPoolJmxManager.java:24)
	at com.sap.cloud.runtime.kotyo.persistence.client.pool.jmx.ConnectionPoolJmxManager.getInstance(ConnectionPoolJmxManager.java:33)
	at com.sap.cloud.runtime.kotyo.persistence.client.pool.trace.TraceableGenericObjectPool.<init>(TraceableGenericObjectPool.java:26)
	at com.sap.cloud.runtime.kotyo.persistence.client.datasource.DataSourceFactory.createPoolingDataSource(DataSourceFactory.java:97)
	at com.sap.cloud.runtime.kotyo.persistence.client.datasource.managed.ManagedDataSourceFactory.setupDataSource(ManagedDataSourceFactory.java:45)
	at com.sap.cloud.runtime.kotyo.persistence.client.datasource.DataSourceFactory.createDataSource(DataSourceFactory.java:40)
	at com.sap.cloud.runtime.kotyo.persistence.client.PersistenceDataSourceFactory.getObjectInstance(PersistenceDataSourceFactory.java:52)
	at com.sap.core.services.accessor.tomcat.support.DelegatingObjectFactory.getObjectInstanceFromFactory(DelegatingObjectFactory.java:99)
	at com.sap.core.services.accessor.tomcat.support.DelegatingObjectFactory.getObjectInstance(DelegatingObjectFactory.java:47)
	at com.sap.cloud.runtime.kotee.deployer.KoteeServiceProvider.createObject(KoteeServiceProvider.java:84)
	at sun.reflect.NativeMethodAccessorImpl.invoke0(Native Method)
	at sun.reflect.NativeMethodAccessorImpl.invoke(NativeMethodAccessorImpl.java:62)
	at sun.reflect.DelegatingMethodAccessorImpl.invoke(DelegatingMethodAccessorImpl.java:43)
	at java.lang.reflect.Method.invoke(Method.java:498)
	at org.apache.xbean.recipe.ObjectRecipe.internalCreate(ObjectRecipe.java:298)
	at org.apache.xbean.recipe.AbstractRecipe.create(AbstractRecipe.java:96)
	at org.apache.xbean.recipe.AbstractRecipe.create(AbstractRecipe.java:61)
	at org.apache.openejb.assembler.classic.Assembler.doCreateResource(Assembler.java:3072)
	at org.apache.openejb.assembler.classic.Assembler.createResource(Assembler.java:2905)
	at org.apache.openejb.config.ConfigurationFactory.doInstall(ConfigurationFactory.java:466)
	at org.apache.openejb.config.ConfigurationFactory.install(ConfigurationFactory.java:459)
	at org.apache.openejb.config.AutoConfig.installResource(AutoConfig.java:2193)
	at org.apache.openejb.config.AutoConfig.processApplicationResources(AutoConfig.java:1026)
	at org.apache.openejb.config.AutoConfig.deploy(AutoConfig.java:190)
	at org.apache.openejb.config.ConfigurationFactory$Chain.deploy(ConfigurationFactory.java:420)
	at org.apache.openejb.config.ConfigurationFactory.configureApplication(ConfigurationFactory.java:1037)
	at org.apache.tomee.catalina.TomcatWebAppBuilder.startInternal(TomcatWebAppBuilder.java:1277)
	at org.apache.tomee.catalina.TomcatWebAppBuilder.configureStart(TomcatWebAppBuilder.java:1125)
	at org.apache.tomee.catalina.GlobalListenerSupport.lifecycleEvent(GlobalListenerSupport.java:133)
	at org.apache.catalina.util.LifecycleBase.fireLifecycleEvent(LifecycleBase.java:94)
	at org.apache.catalina.core.StandardContext.startInternal(StandardContext.java:5154)
	at org.apache.catalina.util.LifecycleBase.start(LifecycleBase.java:150)
	at org.apache.catalina.core.ContainerBase$StartChild.call(ContainerBase.java:1420)
	at org.apache.catalina.core.ContainerBase$StartChild.call(ContainerBase.java:1410)
	at java.util.concurrent.FutureTask.run(FutureTask.java:266)
	at java.util.concurrent.ThreadPoolExecutor.runWorker(ThreadPoolExecutor.java:1149)
	at java.util.concurrent.ThreadPoolExecutor$Worker.run(ThreadPoolExecutor.java:624)
	at java.lang.Thread.run(Thread.java:836)
|
FILE_TYPE:DAAA96DE-B0FB-4c6e-AF7B-A445F5BF9BE2
FILE_ID:1542882595811
ENCODING:[UTF8|NWCJS:ASCII]
RECORD_SEPARATOR:124
COLUMN_SEPARATOR:35
ESC_CHARACTER:92
COLUMNS:Time|TZone|Severity|Logger|ACH|User|Thread|Bundle name|JPSpace|JPAppliance|JPComponent|Tenant Alias|DSR Root Context ID|DSR Transaction|DSR Connection|DSR Counter|Text|
SEVERITY_MAP:FINEST|Information|FINER|Information|FINE|Information|CONFIG|Information|DEBUG|Information|PATH|Information|INFO|Information|WARNING|Warning|ERROR|Error|SEVERE|Error|FATAL|Error
HEADER_END


2018 11 22 16:00:27#+0530#ERROR#com.sap.cloud.runtime.kotyo.persistence.client.pool.jmx.ConnectionPoolJmxManager##anonymous#localhost-startStop-1#na#N/A#N/A#N/A##na#na#na#na#Invalid character ':' in value part of property javax.management.MalformedObjectNameException: Invalid character ':' in value part of property
	at javax.management.ObjectName.construct(ObjectName.java:620)
	at javax.management.ObjectName.<init>(ObjectName.java:1385)
	at com.sap.cloud.runtime.kotyo.persistence.client.pool.jmx.ConnectionPoolJmxManager.initJMX(ConnectionPoolJmxManager.java:43)
	at com.sap.cloud.runtime.kotyo.persistence.client.pool.jmx.ConnectionPoolJmxManager.<init>(ConnectionPoolJmxManager.java:24)
	at com.sap.cloud.runtime.kotyo.persistence.client.pool.jmx.ConnectionPoolJmxManager.getInstance(ConnectionPoolJmxManager.java:33)
	at com.sap.cloud.runtime.kotyo.persistence.client.pool.trace.TraceableGenericObjectPool.<init>(TraceableGenericObjectPool.java:26)
	at com.sap.cloud.runtime.kotyo.persistence.client.datasource.DataSourceFactory.createPoolingDataSource(DataSourceFactory.java:97)
	at com.sap.cloud.runtime.kotyo.persistence.client.datasource.managed.ManagedDataSourceFactory.setupDataSource(ManagedDataSourceFactory.java:45)
	at com.sap.cloud.runtime.kotyo.persistence.client.datasource.DataSourceFactory.createDataSource(DataSourceFactory.java:40)
	at com.sap.cloud.runtime.kotyo.persistence.client.PersistenceDataSourceFactory.getObjectInstance(PersistenceDataSourceFactory.java:52)
	at com.sap.core.services.accessor.tomcat.support.DelegatingObjectFactory.getObjectInstanceFromFactory(DelegatingObjectFactory.java:99)
	at com.sap.core.services.accessor.tomcat.support.DelegatingObjectFactory.getObjectInstance(DelegatingObjectFactory.java:47)
	at com.sap.cloud.runtime.kotee.deployer.KoteeServiceProvider.createObject(KoteeServiceProvider.java:84)
	at sun.reflect.NativeMethodAccessorImpl.invoke0(Native Method)
	at sun.reflect.NativeMethodAccessorImpl.invoke(NativeMethodAccessorImpl.java:62)
	at sun.reflect.DelegatingMethodAccessorImpl.invoke(DelegatingMethodAccessorImpl.java:43)
	at java.lang.reflect.Method.invoke(Method.java:498)
	at org.apache.xbean.recipe.ObjectRecipe.internalCreate(ObjectRecipe.java:298)
	at org.apache.xbean.recipe.AbstractRecipe.create(AbstractRecipe.java:96)
	at org.apache.xbean.recipe.AbstractRecipe.create(AbstractRecipe.java:61)
	at org.apache.openejb.assembler.classic.Assembler.doCreateResource(Assembler.java:3072)
	at org.apache.openejb.assembler.classic.Assembler.createResource(Assembler.java:2905)
	at org.apache.openejb.config.ConfigurationFactory.doInstall(ConfigurationFactory.java:466)
	at org.apache.openejb.config.ConfigurationFactory.install(ConfigurationFactory.java:459)
	at org.apache.openejb.config.AutoConfig.installResource(AutoConfig.java:2193)
	at org.apache.openejb.config.AutoConfig.processApplicationResources(AutoConfig.java:1026)
	at org.apache.openejb.config.AutoConfig.deploy(AutoConfig.java:190)
	at org.apache.openejb.config.ConfigurationFactory$Chain.deploy(ConfigurationFactory.java:420)
	at org.apache.openejb.config.ConfigurationFactory.configureApplication(ConfigurationFactory.java:1037)
	at org.apache.tomee.catalina.TomcatWebAppBuilder.startInternal(TomcatWebAppBuilder.java:1277)
	at org.apache.tomee.catalina.TomcatWebAppBuilder.configureStart(TomcatWebAppBuilder.java:1125)
	at org.apache.tomee.catalina.GlobalListenerSupport.lifecycleEvent(GlobalListenerSupport.java:133)
	at org.apache.catalina.util.LifecycleBase.fireLifecycleEvent(LifecycleBase.java:94)
	at org.apache.catalina.core.StandardContext.startInternal(StandardContext.java:5154)
	at org.apache.catalina.util.LifecycleBase.start(LifecycleBase.java:150)
	at org.apache.catalina.core.ContainerBase$StartChild.call(ContainerBase.java:1420)
	at org.apache.catalina.core.ContainerBase$StartChild.call(ContainerBase.java:1410)
	at java.util.concurrent.FutureTask.run(FutureTask.java:266)
	at java.util.concurrent.ThreadPoolExecutor.runWorker(ThreadPoolExecutor.java:1149)
	at java.util.concurrent.ThreadPoolExecutor$Worker.run(ThreadPoolExecutor.java:624)
	at java.lang.Thread.run(Thread.java:836)
|
FILE_TYPE:DAAA96DE-B0FB-4c6e-AF7B-A445F5BF9BE2
FILE_ID:1542884441650
ENCODING:[UTF8|NWCJS:ASCII]
RECORD_SEPARATOR:124
COLUMN_SEPARATOR:35
ESC_CHARACTER:92
COLUMNS:Time|TZone|Severity|Logger|ACH|User|Thread|Bundle name|JPSpace|JPAppliance|JPComponent|Tenant Alias|DSR Root Context ID|DSR Transaction|DSR Connection|DSR Counter|Text|
SEVERITY_MAP:FINEST|Information|FINER|Information|FINE|Information|CONFIG|Information|DEBUG|Information|PATH|Information|INFO|Information|WARNING|Warning|ERROR|Error|SEVERE|Error|FATAL|Error
HEADER_END


FILE_TYPE:DAAA96DE-B0FB-4c6e-AF7B-A445F5BF9BE2
FILE_ID:1542884496341
ENCODING:[UTF8|NWCJS:ASCII]
RECORD_SEPARATOR:124
COLUMN_SEPARATOR:35
ESC_CHARACTER:92
COLUMNS:Time|TZone|Severity|Logger|ACH|User|Thread|Bundle name|JPSpace|JPAppliance|JPComponent|Tenant Alias|DSR Root Context ID|DSR Transaction|DSR Connection|DSR Counter|Text|
SEVERITY_MAP:FINEST|Information|FINER|Information|FINE|Information|CONFIG|Information|DEBUG|Information|PATH|Information|INFO|Information|WARNING|Warning|ERROR|Error|SEVERE|Error|FATAL|Error
HEADER_END


2018 11 22 16:32:04#+0530#ERROR#com.sap.cloud.runtime.kotyo.persistence.client.pool.jmx.ConnectionPoolJmxManager##anonymous#localhost-startStop-1#na#N/A#N/A#N/A##na#na#na#na#Invalid character ':' in value part of property javax.management.MalformedObjectNameException: Invalid character ':' in value part of property
	at javax.management.ObjectName.construct(ObjectName.java:620)
	at javax.management.ObjectName.<init>(ObjectName.java:1385)
	at com.sap.cloud.runtime.kotyo.persistence.client.pool.jmx.ConnectionPoolJmxManager.initJMX(ConnectionPoolJmxManager.java:43)
	at com.sap.cloud.runtime.kotyo.persistence.client.pool.jmx.ConnectionPoolJmxManager.<init>(ConnectionPoolJmxManager.java:24)
	at com.sap.cloud.runtime.kotyo.persistence.client.pool.jmx.ConnectionPoolJmxManager.getInstance(ConnectionPoolJmxManager.java:33)
	at com.sap.cloud.runtime.kotyo.persistence.client.pool.trace.TraceableGenericObjectPool.<init>(TraceableGenericObjectPool.java:26)
	at com.sap.cloud.runtime.kotyo.persistence.client.datasource.DataSourceFactory.createPoolingDataSource(DataSourceFactory.java:97)
	at com.sap.cloud.runtime.kotyo.persistence.client.datasource.managed.ManagedDataSourceFactory.setupDataSource(ManagedDataSourceFactory.java:45)
	at com.sap.cloud.runtime.kotyo.persistence.client.datasource.DataSourceFactory.createDataSource(DataSourceFactory.java:40)
	at com.sap.cloud.runtime.kotyo.persistence.client.PersistenceDataSourceFactory.getObjectInstance(PersistenceDataSourceFactory.java:52)
	at com.sap.core.services.accessor.tomcat.support.DelegatingObjectFactory.getObjectInstanceFromFactory(DelegatingObjectFactory.java:99)
	at com.sap.core.services.accessor.tomcat.support.DelegatingObjectFactory.getObjectInstance(DelegatingObjectFactory.java:47)
	at com.sap.cloud.runtime.kotee.deployer.KoteeServiceProvider.createObject(KoteeServiceProvider.java:84)
	at sun.reflect.NativeMethodAccessorImpl.invoke0(Native Method)
	at sun.reflect.NativeMethodAccessorImpl.invoke(NativeMethodAccessorImpl.java:62)
	at sun.reflect.DelegatingMethodAccessorImpl.invoke(DelegatingMethodAccessorImpl.java:43)
	at java.lang.reflect.Method.invoke(Method.java:498)
	at org.apache.xbean.recipe.ObjectRecipe.internalCreate(ObjectRecipe.java:298)
	at org.apache.xbean.recipe.AbstractRecipe.create(AbstractRecipe.java:96)
	at org.apache.xbean.recipe.AbstractRecipe.create(AbstractRecipe.java:61)
	at org.apache.openejb.assembler.classic.Assembler.doCreateResource(Assembler.java:3072)
	at org.apache.openejb.assembler.classic.Assembler.createResource(Assembler.java:2905)
	at org.apache.openejb.config.ConfigurationFactory.doInstall(ConfigurationFactory.java:466)
	at org.apache.openejb.config.ConfigurationFactory.install(ConfigurationFactory.java:459)
	at org.apache.openejb.config.AutoConfig.installResource(AutoConfig.java:2193)
	at org.apache.openejb.config.AutoConfig.processApplicationResources(AutoConfig.java:1026)
	at org.apache.openejb.config.AutoConfig.deploy(AutoConfig.java:190)
	at org.apache.openejb.config.ConfigurationFactory$Chain.deploy(ConfigurationFactory.java:420)
	at org.apache.openejb.config.ConfigurationFactory.configureApplication(ConfigurationFactory.java:1037)
	at org.apache.tomee.catalina.TomcatWebAppBuilder.startInternal(TomcatWebAppBuilder.java:1277)
	at org.apache.tomee.catalina.TomcatWebAppBuilder.configureStart(TomcatWebAppBuilder.java:1125)
	at org.apache.tomee.catalina.GlobalListenerSupport.lifecycleEvent(GlobalListenerSupport.java:133)
	at org.apache.catalina.util.LifecycleBase.fireLifecycleEvent(LifecycleBase.java:94)
	at org.apache.catalina.core.StandardContext.startInternal(StandardContext.java:5154)
	at org.apache.catalina.util.LifecycleBase.start(LifecycleBase.java:150)
	at org.apache.catalina.core.ContainerBase$StartChild.call(ContainerBase.java:1420)
	at org.apache.catalina.core.ContainerBase$StartChild.call(ContainerBase.java:1410)
	at java.util.concurrent.FutureTask.run(FutureTask.java:266)
	at java.util.concurrent.ThreadPoolExecutor.runWorker(ThreadPoolExecutor.java:1149)
	at java.util.concurrent.ThreadPoolExecutor$Worker.run(ThreadPoolExecutor.java:624)
	at java.lang.Thread.run(Thread.java:836)
|
FILE_TYPE:DAAA96DE-B0FB-4c6e-AF7B-A445F5BF9BE2
FILE_ID:1542884635330
ENCODING:[UTF8|NWCJS:ASCII]
RECORD_SEPARATOR:124
COLUMN_SEPARATOR:35
ESC_CHARACTER:92
COLUMNS:Time|TZone|Severity|Logger|ACH|User|Thread|Bundle name|JPSpace|JPAppliance|JPComponent|Tenant Alias|DSR Root Context ID|DSR Transaction|DSR Connection|DSR Counter|Text|
SEVERITY_MAP:FINEST|Information|FINER|Information|FINE|Information|CONFIG|Information|DEBUG|Information|PATH|Information|INFO|Information|WARNING|Warning|ERROR|Error|SEVERE|Error|FATAL|Error
HEADER_END


2018 11 22 16:34:24#+0530#ERROR#com.sap.cloud.runtime.kotyo.persistence.client.pool.jmx.ConnectionPoolJmxManager##anonymous#localhost-startStop-1#na#N/A#N/A#N/A##na#na#na#na#Invalid character ':' in value part of property javax.management.MalformedObjectNameException: Invalid character ':' in value part of property
	at javax.management.ObjectName.construct(ObjectName.java:620)
	at javax.management.ObjectName.<init>(ObjectName.java:1385)
	at com.sap.cloud.runtime.kotyo.persistence.client.pool.jmx.ConnectionPoolJmxManager.initJMX(ConnectionPoolJmxManager.java:43)
	at com.sap.cloud.runtime.kotyo.persistence.client.pool.jmx.ConnectionPoolJmxManager.<init>(ConnectionPoolJmxManager.java:24)
	at com.sap.cloud.runtime.kotyo.persistence.client.pool.jmx.ConnectionPoolJmxManager.getInstance(ConnectionPoolJmxManager.java:33)
	at com.sap.cloud.runtime.kotyo.persistence.client.pool.trace.TraceableGenericObjectPool.<init>(TraceableGenericObjectPool.java:26)
	at com.sap.cloud.runtime.kotyo.persistence.client.datasource.DataSourceFactory.createPoolingDataSource(DataSourceFactory.java:97)
	at com.sap.cloud.runtime.kotyo.persistence.client.datasource.managed.ManagedDataSourceFactory.setupDataSource(ManagedDataSourceFactory.java:45)
	at com.sap.cloud.runtime.kotyo.persistence.client.datasource.DataSourceFactory.createDataSource(DataSourceFactory.java:40)
	at com.sap.cloud.runtime.kotyo.persistence.client.PersistenceDataSourceFactory.getObjectInstance(PersistenceDataSourceFactory.java:52)
	at com.sap.core.services.accessor.tomcat.support.DelegatingObjectFactory.getObjectInstanceFromFactory(DelegatingObjectFactory.java:99)
	at com.sap.core.services.accessor.tomcat.support.DelegatingObjectFactory.getObjectInstance(DelegatingObjectFactory.java:47)
	at com.sap.cloud.runtime.kotee.deployer.KoteeServiceProvider.createObject(KoteeServiceProvider.java:84)
	at sun.reflect.NativeMethodAccessorImpl.invoke0(Native Method)
	at sun.reflect.NativeMethodAccessorImpl.invoke(NativeMethodAccessorImpl.java:62)
	at sun.reflect.DelegatingMethodAccessorImpl.invoke(DelegatingMethodAccessorImpl.java:43)
	at java.lang.reflect.Method.invoke(Method.java:498)
	at org.apache.xbean.recipe.ObjectRecipe.internalCreate(ObjectRecipe.java:298)
	at org.apache.xbean.recipe.AbstractRecipe.create(AbstractRecipe.java:96)
	at org.apache.xbean.recipe.AbstractRecipe.create(AbstractRecipe.java:61)
	at org.apache.openejb.assembler.classic.Assembler.doCreateResource(Assembler.java:3072)
	at org.apache.openejb.assembler.classic.Assembler.createResource(Assembler.java:2905)
	at org.apache.openejb.config.ConfigurationFactory.doInstall(ConfigurationFactory.java:466)
	at org.apache.openejb.config.ConfigurationFactory.install(ConfigurationFactory.java:459)
	at org.apache.openejb.config.AutoConfig.installResource(AutoConfig.java:2193)
	at org.apache.openejb.config.AutoConfig.processApplicationResources(AutoConfig.java:1026)
	at org.apache.openejb.config.AutoConfig.deploy(AutoConfig.java:190)
	at org.apache.openejb.config.ConfigurationFactory$Chain.deploy(ConfigurationFactory.java:420)
	at org.apache.openejb.config.ConfigurationFactory.configureApplication(ConfigurationFactory.java:1037)
	at org.apache.tomee.catalina.TomcatWebAppBuilder.startInternal(TomcatWebAppBuilder.java:1277)
	at org.apache.tomee.catalina.TomcatWebAppBuilder.configureStart(TomcatWebAppBuilder.java:1125)
	at org.apache.tomee.catalina.GlobalListenerSupport.lifecycleEvent(GlobalListenerSupport.java:133)
	at org.apache.catalina.util.LifecycleBase.fireLifecycleEvent(LifecycleBase.java:94)
	at org.apache.catalina.core.StandardContext.startInternal(StandardContext.java:5154)
	at org.apache.catalina.util.LifecycleBase.start(LifecycleBase.java:150)
	at org.apache.catalina.core.ContainerBase$StartChild.call(ContainerBase.java:1420)
	at org.apache.catalina.core.ContainerBase$StartChild.call(ContainerBase.java:1410)
	at java.util.concurrent.FutureTask.run(FutureTask.java:266)
	at java.util.concurrent.ThreadPoolExecutor.runWorker(ThreadPoolExecutor.java:1149)
	at java.util.concurrent.ThreadPoolExecutor$Worker.run(ThreadPoolExecutor.java:624)
	at java.lang.Thread.run(Thread.java:836)
|
FILE_TYPE:DAAA96DE-B0FB-4c6e-AF7B-A445F5BF9BE2
FILE_ID:1542885404457
ENCODING:[UTF8|NWCJS:ASCII]
RECORD_SEPARATOR:124
COLUMN_SEPARATOR:35
ESC_CHARACTER:92
COLUMNS:Time|TZone|Severity|Logger|ACH|User|Thread|Bundle name|JPSpace|JPAppliance|JPComponent|Tenant Alias|DSR Root Context ID|DSR Transaction|DSR Connection|DSR Counter|Text|
SEVERITY_MAP:FINEST|Information|FINER|Information|FINE|Information|CONFIG|Information|DEBUG|Information|PATH|Information|INFO|Information|WARNING|Warning|ERROR|Error|SEVERE|Error|FATAL|Error
HEADER_END


2018 11 22 16:47:10#+0530#ERROR#com.sap.cloud.runtime.kotyo.persistence.client.pool.jmx.ConnectionPoolJmxManager##anonymous#localhost-startStop-1#na#N/A#N/A#N/A##na#na#na#na#Invalid character ':' in value part of property javax.management.MalformedObjectNameException: Invalid character ':' in value part of property
	at javax.management.ObjectName.construct(ObjectName.java:620)
	at javax.management.ObjectName.<init>(ObjectName.java:1385)
	at com.sap.cloud.runtime.kotyo.persistence.client.pool.jmx.ConnectionPoolJmxManager.initJMX(ConnectionPoolJmxManager.java:43)
	at com.sap.cloud.runtime.kotyo.persistence.client.pool.jmx.ConnectionPoolJmxManager.<init>(ConnectionPoolJmxManager.java:24)
	at com.sap.cloud.runtime.kotyo.persistence.client.pool.jmx.ConnectionPoolJmxManager.getInstance(ConnectionPoolJmxManager.java:33)
	at com.sap.cloud.runtime.kotyo.persistence.client.pool.trace.TraceableGenericObjectPool.<init>(TraceableGenericObjectPool.java:26)
	at com.sap.cloud.runtime.kotyo.persistence.client.datasource.DataSourceFactory.createPoolingDataSource(DataSourceFactory.java:97)
	at com.sap.cloud.runtime.kotyo.persistence.client.datasource.managed.ManagedDataSourceFactory.setupDataSource(ManagedDataSourceFactory.java:45)
	at com.sap.cloud.runtime.kotyo.persistence.client.datasource.DataSourceFactory.createDataSource(DataSourceFactory.java:40)
	at com.sap.cloud.runtime.kotyo.persistence.client.PersistenceDataSourceFactory.getObjectInstance(PersistenceDataSourceFactory.java:52)
	at com.sap.core.services.accessor.tomcat.support.DelegatingObjectFactory.getObjectInstanceFromFactory(DelegatingObjectFactory.java:99)
	at com.sap.core.services.accessor.tomcat.support.DelegatingObjectFactory.getObjectInstance(DelegatingObjectFactory.java:47)
	at com.sap.cloud.runtime.kotee.deployer.KoteeServiceProvider.createObject(KoteeServiceProvider.java:84)
	at sun.reflect.NativeMethodAccessorImpl.invoke0(Native Method)
	at sun.reflect.NativeMethodAccessorImpl.invoke(NativeMethodAccessorImpl.java:62)
	at sun.reflect.DelegatingMethodAccessorImpl.invoke(DelegatingMethodAccessorImpl.java:43)
	at java.lang.reflect.Method.invoke(Method.java:498)
	at org.apache.xbean.recipe.ObjectRecipe.internalCreate(ObjectRecipe.java:298)
	at org.apache.xbean.recipe.AbstractRecipe.create(AbstractRecipe.java:96)
	at org.apache.xbean.recipe.AbstractRecipe.create(AbstractRecipe.java:61)
	at org.apache.openejb.assembler.classic.Assembler.doCreateResource(Assembler.java:3072)
	at org.apache.openejb.assembler.classic.Assembler.createResource(Assembler.java:2905)
	at org.apache.openejb.config.ConfigurationFactory.doInstall(ConfigurationFactory.java:466)
	at org.apache.openejb.config.ConfigurationFactory.install(ConfigurationFactory.java:459)
	at org.apache.openejb.config.AutoConfig.installResource(AutoConfig.java:2193)
	at org.apache.openejb.config.AutoConfig.processApplicationResources(AutoConfig.java:1026)
	at org.apache.openejb.config.AutoConfig.deploy(AutoConfig.java:190)
	at org.apache.openejb.config.ConfigurationFactory$Chain.deploy(ConfigurationFactory.java:420)
	at org.apache.openejb.config.ConfigurationFactory.configureApplication(ConfigurationFactory.java:1037)
	at org.apache.tomee.catalina.TomcatWebAppBuilder.startInternal(TomcatWebAppBuilder.java:1277)
	at org.apache.tomee.catalina.TomcatWebAppBuilder.configureStart(TomcatWebAppBuilder.java:1125)
	at org.apache.tomee.catalina.GlobalListenerSupport.lifecycleEvent(GlobalListenerSupport.java:133)
	at org.apache.catalina.util.LifecycleBase.fireLifecycleEvent(LifecycleBase.java:94)
	at org.apache.catalina.core.StandardContext.startInternal(StandardContext.java:5154)
	at org.apache.catalina.util.LifecycleBase.start(LifecycleBase.java:150)
	at org.apache.catalina.core.ContainerBase$StartChild.call(ContainerBase.java:1420)
	at org.apache.catalina.core.ContainerBase$StartChild.call(ContainerBase.java:1410)
	at java.util.concurrent.FutureTask.run(FutureTask.java:266)
	at java.util.concurrent.ThreadPoolExecutor.runWorker(ThreadPoolExecutor.java:1149)
	at java.util.concurrent.ThreadPoolExecutor$Worker.run(ThreadPoolExecutor.java:624)
	at java.lang.Thread.run(Thread.java:836)
|
FILE_TYPE:DAAA96DE-B0FB-4c6e-AF7B-A445F5BF9BE2
FILE_ID:1542885627838
ENCODING:[UTF8|NWCJS:ASCII]
RECORD_SEPARATOR:124
COLUMN_SEPARATOR:35
ESC_CHARACTER:92
COLUMNS:Time|TZone|Severity|Logger|ACH|User|Thread|Bundle name|JPSpace|JPAppliance|JPComponent|Tenant Alias|DSR Root Context ID|DSR Transaction|DSR Connection|DSR Counter|Text|
SEVERITY_MAP:FINEST|Information|FINER|Information|FINE|Information|CONFIG|Information|DEBUG|Information|PATH|Information|INFO|Information|WARNING|Warning|ERROR|Error|SEVERE|Error|FATAL|Error
HEADER_END


2018 11 22 16:50:53#+0530#ERROR#com.sap.cloud.runtime.kotyo.persistence.client.pool.jmx.ConnectionPoolJmxManager##anonymous#localhost-startStop-1#na#N/A#N/A#N/A##na#na#na#na#Invalid character ':' in value part of property javax.management.MalformedObjectNameException: Invalid character ':' in value part of property
	at javax.management.ObjectName.construct(ObjectName.java:620)
	at javax.management.ObjectName.<init>(ObjectName.java:1385)
	at com.sap.cloud.runtime.kotyo.persistence.client.pool.jmx.ConnectionPoolJmxManager.initJMX(ConnectionPoolJmxManager.java:43)
	at com.sap.cloud.runtime.kotyo.persistence.client.pool.jmx.ConnectionPoolJmxManager.<init>(ConnectionPoolJmxManager.java:24)
	at com.sap.cloud.runtime.kotyo.persistence.client.pool.jmx.ConnectionPoolJmxManager.getInstance(ConnectionPoolJmxManager.java:33)
	at com.sap.cloud.runtime.kotyo.persistence.client.pool.trace.TraceableGenericObjectPool.<init>(TraceableGenericObjectPool.java:26)
	at com.sap.cloud.runtime.kotyo.persistence.client.datasource.DataSourceFactory.createPoolingDataSource(DataSourceFactory.java:97)
	at com.sap.cloud.runtime.kotyo.persistence.client.datasource.managed.ManagedDataSourceFactory.setupDataSource(ManagedDataSourceFactory.java:45)
	at com.sap.cloud.runtime.kotyo.persistence.client.datasource.DataSourceFactory.createDataSource(DataSourceFactory.java:40)
	at com.sap.cloud.runtime.kotyo.persistence.client.PersistenceDataSourceFactory.getObjectInstance(PersistenceDataSourceFactory.java:52)
	at com.sap.core.services.accessor.tomcat.support.DelegatingObjectFactory.getObjectInstanceFromFactory(DelegatingObjectFactory.java:99)
	at com.sap.core.services.accessor.tomcat.support.DelegatingObjectFactory.getObjectInstance(DelegatingObjectFactory.java:47)
	at com.sap.cloud.runtime.kotee.deployer.KoteeServiceProvider.createObject(KoteeServiceProvider.java:84)
	at sun.reflect.NativeMethodAccessorImpl.invoke0(Native Method)
	at sun.reflect.NativeMethodAccessorImpl.invoke(NativeMethodAccessorImpl.java:62)
	at sun.reflect.DelegatingMethodAccessorImpl.invoke(DelegatingMethodAccessorImpl.java:43)
	at java.lang.reflect.Method.invoke(Method.java:498)
	at org.apache.xbean.recipe.ObjectRecipe.internalCreate(ObjectRecipe.java:298)
	at org.apache.xbean.recipe.AbstractRecipe.create(AbstractRecipe.java:96)
	at org.apache.xbean.recipe.AbstractRecipe.create(AbstractRecipe.java:61)
	at org.apache.openejb.assembler.classic.Assembler.doCreateResource(Assembler.java:3072)
	at org.apache.openejb.assembler.classic.Assembler.createResource(Assembler.java:2905)
	at org.apache.openejb.config.ConfigurationFactory.doInstall(ConfigurationFactory.java:466)
	at org.apache.openejb.config.ConfigurationFactory.install(ConfigurationFactory.java:459)
	at org.apache.openejb.config.AutoConfig.installResource(AutoConfig.java:2193)
	at org.apache.openejb.config.AutoConfig.processApplicationResources(AutoConfig.java:1026)
	at org.apache.openejb.config.AutoConfig.deploy(AutoConfig.java:190)
	at org.apache.openejb.config.ConfigurationFactory$Chain.deploy(ConfigurationFactory.java:420)
	at org.apache.openejb.config.ConfigurationFactory.configureApplication(ConfigurationFactory.java:1037)
	at org.apache.tomee.catalina.TomcatWebAppBuilder.startInternal(TomcatWebAppBuilder.java:1277)
	at org.apache.tomee.catalina.TomcatWebAppBuilder.configureStart(TomcatWebAppBuilder.java:1125)
	at org.apache.tomee.catalina.GlobalListenerSupport.lifecycleEvent(GlobalListenerSupport.java:133)
	at org.apache.catalina.util.LifecycleBase.fireLifecycleEvent(LifecycleBase.java:94)
	at org.apache.catalina.core.StandardContext.startInternal(StandardContext.java:5154)
	at org.apache.catalina.util.LifecycleBase.start(LifecycleBase.java:150)
	at org.apache.catalina.core.ContainerBase$StartChild.call(ContainerBase.java:1420)
	at org.apache.catalina.core.ContainerBase$StartChild.call(ContainerBase.java:1410)
	at java.util.concurrent.FutureTask.run(FutureTask.java:266)
	at java.util.concurrent.ThreadPoolExecutor.runWorker(ThreadPoolExecutor.java:1149)
	at java.util.concurrent.ThreadPoolExecutor$Worker.run(ThreadPoolExecutor.java:624)
	at java.lang.Thread.run(Thread.java:836)
|
FILE_TYPE:DAAA96DE-B0FB-4c6e-AF7B-A445F5BF9BE2
FILE_ID:1542885892054
ENCODING:[UTF8|NWCJS:ASCII]
RECORD_SEPARATOR:124
COLUMN_SEPARATOR:35
ESC_CHARACTER:92
COLUMNS:Time|TZone|Severity|Logger|ACH|User|Thread|Bundle name|JPSpace|JPAppliance|JPComponent|Tenant Alias|DSR Root Context ID|DSR Transaction|DSR Connection|DSR Counter|Text|
SEVERITY_MAP:FINEST|Information|FINER|Information|FINE|Information|CONFIG|Information|DEBUG|Information|PATH|Information|INFO|Information|WARNING|Warning|ERROR|Error|SEVERE|Error|FATAL|Error
HEADER_END


2018 11 22 16:55:17#+0530#ERROR#com.sap.cloud.runtime.kotyo.persistence.client.pool.jmx.ConnectionPoolJmxManager##anonymous#localhost-startStop-1#na#N/A#N/A#N/A##na#na#na#na#Invalid character ':' in value part of property javax.management.MalformedObjectNameException: Invalid character ':' in value part of property
	at javax.management.ObjectName.construct(ObjectName.java:620)
	at javax.management.ObjectName.<init>(ObjectName.java:1385)
	at com.sap.cloud.runtime.kotyo.persistence.client.pool.jmx.ConnectionPoolJmxManager.initJMX(ConnectionPoolJmxManager.java:43)
	at com.sap.cloud.runtime.kotyo.persistence.client.pool.jmx.ConnectionPoolJmxManager.<init>(ConnectionPoolJmxManager.java:24)
	at com.sap.cloud.runtime.kotyo.persistence.client.pool.jmx.ConnectionPoolJmxManager.getInstance(ConnectionPoolJmxManager.java:33)
	at com.sap.cloud.runtime.kotyo.persistence.client.pool.trace.TraceableGenericObjectPool.<init>(TraceableGenericObjectPool.java:26)
	at com.sap.cloud.runtime.kotyo.persistence.client.datasource.DataSourceFactory.createPoolingDataSource(DataSourceFactory.java:97)
	at com.sap.cloud.runtime.kotyo.persistence.client.datasource.managed.ManagedDataSourceFactory.setupDataSource(ManagedDataSourceFactory.java:45)
	at com.sap.cloud.runtime.kotyo.persistence.client.datasource.DataSourceFactory.createDataSource(DataSourceFactory.java:40)
	at com.sap.cloud.runtime.kotyo.persistence.client.PersistenceDataSourceFactory.getObjectInstance(PersistenceDataSourceFactory.java:52)
	at com.sap.core.services.accessor.tomcat.support.DelegatingObjectFactory.getObjectInstanceFromFactory(DelegatingObjectFactory.java:99)
	at com.sap.core.services.accessor.tomcat.support.DelegatingObjectFactory.getObjectInstance(DelegatingObjectFactory.java:47)
	at com.sap.cloud.runtime.kotee.deployer.KoteeServiceProvider.createObject(KoteeServiceProvider.java:84)
	at sun.reflect.NativeMethodAccessorImpl.invoke0(Native Method)
	at sun.reflect.NativeMethodAccessorImpl.invoke(NativeMethodAccessorImpl.java:62)
	at sun.reflect.DelegatingMethodAccessorImpl.invoke(DelegatingMethodAccessorImpl.java:43)
	at java.lang.reflect.Method.invoke(Method.java:498)
	at org.apache.xbean.recipe.ObjectRecipe.internalCreate(ObjectRecipe.java:298)
	at org.apache.xbean.recipe.AbstractRecipe.create(AbstractRecipe.java:96)
	at org.apache.xbean.recipe.AbstractRecipe.create(AbstractRecipe.java:61)
	at org.apache.openejb.assembler.classic.Assembler.doCreateResource(Assembler.java:3072)
	at org.apache.openejb.assembler.classic.Assembler.createResource(Assembler.java:2905)
	at org.apache.openejb.config.ConfigurationFactory.doInstall(ConfigurationFactory.java:466)
	at org.apache.openejb.config.ConfigurationFactory.install(ConfigurationFactory.java:459)
	at org.apache.openejb.config.AutoConfig.installResource(AutoConfig.java:2193)
	at org.apache.openejb.config.AutoConfig.processApplicationResources(AutoConfig.java:1026)
	at org.apache.openejb.config.AutoConfig.deploy(AutoConfig.java:190)
	at org.apache.openejb.config.ConfigurationFactory$Chain.deploy(ConfigurationFactory.java:420)
	at org.apache.openejb.config.ConfigurationFactory.configureApplication(ConfigurationFactory.java:1037)
	at org.apache.tomee.catalina.TomcatWebAppBuilder.startInternal(TomcatWebAppBuilder.java:1277)
	at org.apache.tomee.catalina.TomcatWebAppBuilder.configureStart(TomcatWebAppBuilder.java:1125)
	at org.apache.tomee.catalina.GlobalListenerSupport.lifecycleEvent(GlobalListenerSupport.java:133)
	at org.apache.catalina.util.LifecycleBase.fireLifecycleEvent(LifecycleBase.java:94)
	at org.apache.catalina.core.StandardContext.startInternal(StandardContext.java:5154)
	at org.apache.catalina.util.LifecycleBase.start(LifecycleBase.java:150)
	at org.apache.catalina.core.ContainerBase$StartChild.call(ContainerBase.java:1420)
	at org.apache.catalina.core.ContainerBase$StartChild.call(ContainerBase.java:1410)
	at java.util.concurrent.FutureTask.run(FutureTask.java:266)
	at java.util.concurrent.ThreadPoolExecutor.runWorker(ThreadPoolExecutor.java:1149)
	at java.util.concurrent.ThreadPoolExecutor$Worker.run(ThreadPoolExecutor.java:624)
	at java.lang.Thread.run(Thread.java:836)
|
FILE_TYPE:DAAA96DE-B0FB-4c6e-AF7B-A445F5BF9BE2
FILE_ID:1542948715853
ENCODING:[UTF8|NWCJS:ASCII]
RECORD_SEPARATOR:124
COLUMN_SEPARATOR:35
ESC_CHARACTER:92
COLUMNS:Time|TZone|Severity|Logger|ACH|User|Thread|Bundle name|JPSpace|JPAppliance|JPComponent|Tenant Alias|DSR Root Context ID|DSR Transaction|DSR Connection|DSR Counter|Text|
SEVERITY_MAP:FINEST|Information|FINER|Information|FINE|Information|CONFIG|Information|DEBUG|Information|PATH|Information|INFO|Information|WARNING|Warning|ERROR|Error|SEVERE|Error|FATAL|Error
HEADER_END


FILE_TYPE:DAAA96DE-B0FB-4c6e-AF7B-A445F5BF9BE2
FILE_ID:1542948992235
ENCODING:[UTF8|NWCJS:ASCII]
RECORD_SEPARATOR:124
COLUMN_SEPARATOR:35
ESC_CHARACTER:92
COLUMNS:Time|TZone|Severity|Logger|ACH|User|Thread|Bundle name|JPSpace|JPAppliance|JPComponent|Tenant Alias|DSR Root Context ID|DSR Transaction|DSR Connection|DSR Counter|Text|
SEVERITY_MAP:FINEST|Information|FINER|Information|FINE|Information|CONFIG|Information|DEBUG|Information|PATH|Information|INFO|Information|WARNING|Warning|ERROR|Error|SEVERE|Error|FATAL|Error
HEADER_END


FILE_TYPE:DAAA96DE-B0FB-4c6e-AF7B-A445F5BF9BE2
FILE_ID:1542949103948
ENCODING:[UTF8|NWCJS:ASCII]
RECORD_SEPARATOR:124
COLUMN_SEPARATOR:35
ESC_CHARACTER:92
COLUMNS:Time|TZone|Severity|Logger|ACH|User|Thread|Bundle name|JPSpace|JPAppliance|JPComponent|Tenant Alias|DSR Root Context ID|DSR Transaction|DSR Connection|DSR Counter|Text|
SEVERITY_MAP:FINEST|Information|FINER|Information|FINE|Information|CONFIG|Information|DEBUG|Information|PATH|Information|INFO|Information|WARNING|Warning|ERROR|Error|SEVERE|Error|FATAL|Error
HEADER_END


FILE_TYPE:DAAA96DE-B0FB-4c6e-AF7B-A445F5BF9BE2
FILE_ID:1542949232898
ENCODING:[UTF8|NWCJS:ASCII]
RECORD_SEPARATOR:124
COLUMN_SEPARATOR:35
ESC_CHARACTER:92
COLUMNS:Time|TZone|Severity|Logger|ACH|User|Thread|Bundle name|JPSpace|JPAppliance|JPComponent|Tenant Alias|DSR Root Context ID|DSR Transaction|DSR Connection|DSR Counter|Text|
SEVERITY_MAP:FINEST|Information|FINER|Information|FINE|Information|CONFIG|Information|DEBUG|Information|PATH|Information|INFO|Information|WARNING|Warning|ERROR|Error|SEVERE|Error|FATAL|Error
HEADER_END


2018 11 23 10:31:04#+0530#ERROR#com.sap.cloud.runtime.kotyo.persistence.client.pool.jmx.ConnectionPoolJmxManager##anonymous#localhost-startStop-1#na#N/A#N/A#N/A##na#na#na#na#Invalid character ':' in value part of property javax.management.MalformedObjectNameException: Invalid character ':' in value part of property
	at javax.management.ObjectName.construct(ObjectName.java:620)
	at javax.management.ObjectName.<init>(ObjectName.java:1385)
	at com.sap.cloud.runtime.kotyo.persistence.client.pool.jmx.ConnectionPoolJmxManager.initJMX(ConnectionPoolJmxManager.java:43)
	at com.sap.cloud.runtime.kotyo.persistence.client.pool.jmx.ConnectionPoolJmxManager.<init>(ConnectionPoolJmxManager.java:24)
	at com.sap.cloud.runtime.kotyo.persistence.client.pool.jmx.ConnectionPoolJmxManager.getInstance(ConnectionPoolJmxManager.java:33)
	at com.sap.cloud.runtime.kotyo.persistence.client.pool.trace.TraceableGenericObjectPool.<init>(TraceableGenericObjectPool.java:26)
	at com.sap.cloud.runtime.kotyo.persistence.client.datasource.DataSourceFactory.createPoolingDataSource(DataSourceFactory.java:97)
	at com.sap.cloud.runtime.kotyo.persistence.client.datasource.managed.ManagedDataSourceFactory.setupDataSource(ManagedDataSourceFactory.java:45)
	at com.sap.cloud.runtime.kotyo.persistence.client.datasource.DataSourceFactory.createDataSource(DataSourceFactory.java:40)
	at com.sap.cloud.runtime.kotyo.persistence.client.PersistenceDataSourceFactory.getObjectInstance(PersistenceDataSourceFactory.java:52)
	at com.sap.core.services.accessor.tomcat.support.DelegatingObjectFactory.getObjectInstanceFromFactory(DelegatingObjectFactory.java:99)
	at com.sap.core.services.accessor.tomcat.support.DelegatingObjectFactory.getObjectInstance(DelegatingObjectFactory.java:47)
	at com.sap.cloud.runtime.kotee.deployer.KoteeServiceProvider.createObject(KoteeServiceProvider.java:84)
	at sun.reflect.NativeMethodAccessorImpl.invoke0(Native Method)
	at sun.reflect.NativeMethodAccessorImpl.invoke(NativeMethodAccessorImpl.java:62)
	at sun.reflect.DelegatingMethodAccessorImpl.invoke(DelegatingMethodAccessorImpl.java:43)
	at java.lang.reflect.Method.invoke(Method.java:498)
	at org.apache.xbean.recipe.ObjectRecipe.internalCreate(ObjectRecipe.java:298)
	at org.apache.xbean.recipe.AbstractRecipe.create(AbstractRecipe.java:96)
	at org.apache.xbean.recipe.AbstractRecipe.create(AbstractRecipe.java:61)
	at org.apache.openejb.assembler.classic.Assembler.doCreateResource(Assembler.java:3072)
	at org.apache.openejb.assembler.classic.Assembler.createResource(Assembler.java:2905)
	at org.apache.openejb.config.ConfigurationFactory.doInstall(ConfigurationFactory.java:466)
	at org.apache.openejb.config.ConfigurationFactory.install(ConfigurationFactory.java:459)
	at org.apache.openejb.config.AutoConfig.installResource(AutoConfig.java:2193)
	at org.apache.openejb.config.AutoConfig.processApplicationResources(AutoConfig.java:1026)
	at org.apache.openejb.config.AutoConfig.deploy(AutoConfig.java:190)
	at org.apache.openejb.config.ConfigurationFactory$Chain.deploy(ConfigurationFactory.java:420)
	at org.apache.openejb.config.ConfigurationFactory.configureApplication(ConfigurationFactory.java:1037)
	at org.apache.tomee.catalina.TomcatWebAppBuilder.startInternal(TomcatWebAppBuilder.java:1277)
	at org.apache.tomee.catalina.TomcatWebAppBuilder.configureStart(TomcatWebAppBuilder.java:1125)
	at org.apache.tomee.catalina.GlobalListenerSupport.lifecycleEvent(GlobalListenerSupport.java:133)
	at org.apache.catalina.util.LifecycleBase.fireLifecycleEvent(LifecycleBase.java:94)
	at org.apache.catalina.core.StandardContext.startInternal(StandardContext.java:5154)
	at org.apache.catalina.util.LifecycleBase.start(LifecycleBase.java:150)
	at org.apache.catalina.core.ContainerBase$StartChild.call(ContainerBase.java:1420)
	at org.apache.catalina.core.ContainerBase$StartChild.call(ContainerBase.java:1410)
	at java.util.concurrent.FutureTask.run(FutureTask.java:266)
	at java.util.concurrent.ThreadPoolExecutor.runWorker(ThreadPoolExecutor.java:1149)
	at java.util.concurrent.ThreadPoolExecutor$Worker.run(ThreadPoolExecutor.java:624)
	at java.lang.Thread.run(Thread.java:836)
|
FILE_TYPE:DAAA96DE-B0FB-4c6e-AF7B-A445F5BF9BE2
FILE_ID:1542949308124
ENCODING:[UTF8|NWCJS:ASCII]
RECORD_SEPARATOR:124
COLUMN_SEPARATOR:35
ESC_CHARACTER:92
COLUMNS:Time|TZone|Severity|Logger|ACH|User|Thread|Bundle name|JPSpace|JPAppliance|JPComponent|Tenant Alias|DSR Root Context ID|DSR Transaction|DSR Connection|DSR Counter|Text|
SEVERITY_MAP:FINEST|Information|FINER|Information|FINE|Information|CONFIG|Information|DEBUG|Information|PATH|Information|INFO|Information|WARNING|Warning|ERROR|Error|SEVERE|Error|FATAL|Error
HEADER_END


2018 11 23 10:32:16#+0530#ERROR#com.sap.cloud.runtime.kotyo.persistence.client.pool.jmx.ConnectionPoolJmxManager##anonymous#localhost-startStop-1#na#N/A#N/A#N/A##na#na#na#na#Invalid character ':' in value part of property javax.management.MalformedObjectNameException: Invalid character ':' in value part of property
	at javax.management.ObjectName.construct(ObjectName.java:620)
	at javax.management.ObjectName.<init>(ObjectName.java:1385)
	at com.sap.cloud.runtime.kotyo.persistence.client.pool.jmx.ConnectionPoolJmxManager.initJMX(ConnectionPoolJmxManager.java:43)
	at com.sap.cloud.runtime.kotyo.persistence.client.pool.jmx.ConnectionPoolJmxManager.<init>(ConnectionPoolJmxManager.java:24)
	at com.sap.cloud.runtime.kotyo.persistence.client.pool.jmx.ConnectionPoolJmxManager.getInstance(ConnectionPoolJmxManager.java:33)
	at com.sap.cloud.runtime.kotyo.persistence.client.pool.trace.TraceableGenericObjectPool.<init>(TraceableGenericObjectPool.java:26)
	at com.sap.cloud.runtime.kotyo.persistence.client.datasource.DataSourceFactory.createPoolingDataSource(DataSourceFactory.java:97)
	at com.sap.cloud.runtime.kotyo.persistence.client.datasource.managed.ManagedDataSourceFactory.setupDataSource(ManagedDataSourceFactory.java:45)
	at com.sap.cloud.runtime.kotyo.persistence.client.datasource.DataSourceFactory.createDataSource(DataSourceFactory.java:40)
	at com.sap.cloud.runtime.kotyo.persistence.client.PersistenceDataSourceFactory.getObjectInstance(PersistenceDataSourceFactory.java:52)
	at com.sap.core.services.accessor.tomcat.support.DelegatingObjectFactory.getObjectInstanceFromFactory(DelegatingObjectFactory.java:99)
	at com.sap.core.services.accessor.tomcat.support.DelegatingObjectFactory.getObjectInstance(DelegatingObjectFactory.java:47)
	at com.sap.cloud.runtime.kotee.deployer.KoteeServiceProvider.createObject(KoteeServiceProvider.java:84)
	at sun.reflect.NativeMethodAccessorImpl.invoke0(Native Method)
	at sun.reflect.NativeMethodAccessorImpl.invoke(NativeMethodAccessorImpl.java:62)
	at sun.reflect.DelegatingMethodAccessorImpl.invoke(DelegatingMethodAccessorImpl.java:43)
	at java.lang.reflect.Method.invoke(Method.java:498)
	at org.apache.xbean.recipe.ObjectRecipe.internalCreate(ObjectRecipe.java:298)
	at org.apache.xbean.recipe.AbstractRecipe.create(AbstractRecipe.java:96)
	at org.apache.xbean.recipe.AbstractRecipe.create(AbstractRecipe.java:61)
	at org.apache.openejb.assembler.classic.Assembler.doCreateResource(Assembler.java:3072)
	at org.apache.openejb.assembler.classic.Assembler.createResource(Assembler.java:2905)
	at org.apache.openejb.config.ConfigurationFactory.doInstall(ConfigurationFactory.java:466)
	at org.apache.openejb.config.ConfigurationFactory.install(ConfigurationFactory.java:459)
	at org.apache.openejb.config.AutoConfig.installResource(AutoConfig.java:2193)
	at org.apache.openejb.config.AutoConfig.processApplicationResources(AutoConfig.java:1026)
	at org.apache.openejb.config.AutoConfig.deploy(AutoConfig.java:190)
	at org.apache.openejb.config.ConfigurationFactory$Chain.deploy(ConfigurationFactory.java:420)
	at org.apache.openejb.config.ConfigurationFactory.configureApplication(ConfigurationFactory.java:1037)
	at org.apache.tomee.catalina.TomcatWebAppBuilder.startInternal(TomcatWebAppBuilder.java:1277)
	at org.apache.tomee.catalina.TomcatWebAppBuilder.configureStart(TomcatWebAppBuilder.java:1125)
	at org.apache.tomee.catalina.GlobalListenerSupport.lifecycleEvent(GlobalListenerSupport.java:133)
	at org.apache.catalina.util.LifecycleBase.fireLifecycleEvent(LifecycleBase.java:94)
	at org.apache.catalina.core.StandardContext.startInternal(StandardContext.java:5154)
	at org.apache.catalina.util.LifecycleBase.start(LifecycleBase.java:150)
	at org.apache.catalina.core.ContainerBase$StartChild.call(ContainerBase.java:1420)
	at org.apache.catalina.core.ContainerBase$StartChild.call(ContainerBase.java:1410)
	at java.util.concurrent.FutureTask.run(FutureTask.java:266)
	at java.util.concurrent.ThreadPoolExecutor.runWorker(ThreadPoolExecutor.java:1149)
	at java.util.concurrent.ThreadPoolExecutor$Worker.run(ThreadPoolExecutor.java:624)
	at java.lang.Thread.run(Thread.java:836)
|
FILE_TYPE:DAAA96DE-B0FB-4c6e-AF7B-A445F5BF9BE2
FILE_ID:1542950231501
ENCODING:[UTF8|NWCJS:ASCII]
RECORD_SEPARATOR:124
COLUMN_SEPARATOR:35
ESC_CHARACTER:92
COLUMNS:Time|TZone|Severity|Logger|ACH|User|Thread|Bundle name|JPSpace|JPAppliance|JPComponent|Tenant Alias|DSR Root Context ID|DSR Transaction|DSR Connection|DSR Counter|Text|
SEVERITY_MAP:FINEST|Information|FINER|Information|FINE|Information|CONFIG|Information|DEBUG|Information|PATH|Information|INFO|Information|WARNING|Warning|ERROR|Error|SEVERE|Error|FATAL|Error
HEADER_END


2018 11 23 10:47:41#+0530#ERROR#com.sap.cloud.runtime.kotyo.persistence.client.pool.jmx.ConnectionPoolJmxManager##anonymous#localhost-startStop-1#na#N/A#N/A#N/A##na#na#na#na#Invalid character ':' in value part of property javax.management.MalformedObjectNameException: Invalid character ':' in value part of property
	at javax.management.ObjectName.construct(ObjectName.java:620)
	at javax.management.ObjectName.<init>(ObjectName.java:1385)
	at com.sap.cloud.runtime.kotyo.persistence.client.pool.jmx.ConnectionPoolJmxManager.initJMX(ConnectionPoolJmxManager.java:43)
	at com.sap.cloud.runtime.kotyo.persistence.client.pool.jmx.ConnectionPoolJmxManager.<init>(ConnectionPoolJmxManager.java:24)
	at com.sap.cloud.runtime.kotyo.persistence.client.pool.jmx.ConnectionPoolJmxManager.getInstance(ConnectionPoolJmxManager.java:33)
	at com.sap.cloud.runtime.kotyo.persistence.client.pool.trace.TraceableGenericObjectPool.<init>(TraceableGenericObjectPool.java:26)
	at com.sap.cloud.runtime.kotyo.persistence.client.datasource.DataSourceFactory.createPoolingDataSource(DataSourceFactory.java:97)
	at com.sap.cloud.runtime.kotyo.persistence.client.datasource.managed.ManagedDataSourceFactory.setupDataSource(ManagedDataSourceFactory.java:45)
	at com.sap.cloud.runtime.kotyo.persistence.client.datasource.DataSourceFactory.createDataSource(DataSourceFactory.java:40)
	at com.sap.cloud.runtime.kotyo.persistence.client.PersistenceDataSourceFactory.getObjectInstance(PersistenceDataSourceFactory.java:52)
	at com.sap.core.services.accessor.tomcat.support.DelegatingObjectFactory.getObjectInstanceFromFactory(DelegatingObjectFactory.java:99)
	at com.sap.core.services.accessor.tomcat.support.DelegatingObjectFactory.getObjectInstance(DelegatingObjectFactory.java:47)
	at com.sap.cloud.runtime.kotee.deployer.KoteeServiceProvider.createObject(KoteeServiceProvider.java:84)
	at sun.reflect.NativeMethodAccessorImpl.invoke0(Native Method)
	at sun.reflect.NativeMethodAccessorImpl.invoke(NativeMethodAccessorImpl.java:62)
	at sun.reflect.DelegatingMethodAccessorImpl.invoke(DelegatingMethodAccessorImpl.java:43)
	at java.lang.reflect.Method.invoke(Method.java:498)
	at org.apache.xbean.recipe.ObjectRecipe.internalCreate(ObjectRecipe.java:298)
	at org.apache.xbean.recipe.AbstractRecipe.create(AbstractRecipe.java:96)
	at org.apache.xbean.recipe.AbstractRecipe.create(AbstractRecipe.java:61)
	at org.apache.openejb.assembler.classic.Assembler.doCreateResource(Assembler.java:3072)
	at org.apache.openejb.assembler.classic.Assembler.createResource(Assembler.java:2905)
	at org.apache.openejb.config.ConfigurationFactory.doInstall(ConfigurationFactory.java:466)
	at org.apache.openejb.config.ConfigurationFactory.install(ConfigurationFactory.java:459)
	at org.apache.openejb.config.AutoConfig.installResource(AutoConfig.java:2193)
	at org.apache.openejb.config.AutoConfig.processApplicationResources(AutoConfig.java:1026)
	at org.apache.openejb.config.AutoConfig.deploy(AutoConfig.java:190)
	at org.apache.openejb.config.ConfigurationFactory$Chain.deploy(ConfigurationFactory.java:420)
	at org.apache.openejb.config.ConfigurationFactory.configureApplication(ConfigurationFactory.java:1037)
	at org.apache.tomee.catalina.TomcatWebAppBuilder.startInternal(TomcatWebAppBuilder.java:1277)
	at org.apache.tomee.catalina.TomcatWebAppBuilder.configureStart(TomcatWebAppBuilder.java:1125)
	at org.apache.tomee.catalina.GlobalListenerSupport.lifecycleEvent(GlobalListenerSupport.java:133)
	at org.apache.catalina.util.LifecycleBase.fireLifecycleEvent(LifecycleBase.java:94)
	at org.apache.catalina.core.StandardContext.startInternal(StandardContext.java:5154)
	at org.apache.catalina.util.LifecycleBase.start(LifecycleBase.java:150)
	at org.apache.catalina.core.ContainerBase$StartChild.call(ContainerBase.java:1420)
	at org.apache.catalina.core.ContainerBase$StartChild.call(ContainerBase.java:1410)
	at java.util.concurrent.FutureTask.run(FutureTask.java:266)
	at java.util.concurrent.ThreadPoolExecutor.runWorker(ThreadPoolExecutor.java:1149)
	at java.util.concurrent.ThreadPoolExecutor$Worker.run(ThreadPoolExecutor.java:624)
	at java.lang.Thread.run(Thread.java:836)
|
FILE_TYPE:DAAA96DE-B0FB-4c6e-AF7B-A445F5BF9BE2
FILE_ID:1542955155597
ENCODING:[UTF8|NWCJS:ASCII]
RECORD_SEPARATOR:124
COLUMN_SEPARATOR:35
ESC_CHARACTER:92
COLUMNS:Time|TZone|Severity|Logger|ACH|User|Thread|Bundle name|JPSpace|JPAppliance|JPComponent|Tenant Alias|DSR Root Context ID|DSR Transaction|DSR Connection|DSR Counter|Text|
SEVERITY_MAP:FINEST|Information|FINER|Information|FINE|Information|CONFIG|Information|DEBUG|Information|PATH|Information|INFO|Information|WARNING|Warning|ERROR|Error|SEVERE|Error|FATAL|Error
HEADER_END


2018 11 23 12:10:01#+0530#ERROR#com.sap.cloud.runtime.kotyo.persistence.client.pool.jmx.ConnectionPoolJmxManager##anonymous#localhost-startStop-1#na#N/A#N/A#N/A##na#na#na#na#Invalid character ':' in value part of property javax.management.MalformedObjectNameException: Invalid character ':' in value part of property
	at javax.management.ObjectName.construct(ObjectName.java:620)
	at javax.management.ObjectName.<init>(ObjectName.java:1385)
	at com.sap.cloud.runtime.kotyo.persistence.client.pool.jmx.ConnectionPoolJmxManager.initJMX(ConnectionPoolJmxManager.java:43)
	at com.sap.cloud.runtime.kotyo.persistence.client.pool.jmx.ConnectionPoolJmxManager.<init>(ConnectionPoolJmxManager.java:24)
	at com.sap.cloud.runtime.kotyo.persistence.client.pool.jmx.ConnectionPoolJmxManager.getInstance(ConnectionPoolJmxManager.java:33)
	at com.sap.cloud.runtime.kotyo.persistence.client.pool.trace.TraceableGenericObjectPool.<init>(TraceableGenericObjectPool.java:26)
	at com.sap.cloud.runtime.kotyo.persistence.client.datasource.DataSourceFactory.createPoolingDataSource(DataSourceFactory.java:97)
	at com.sap.cloud.runtime.kotyo.persistence.client.datasource.managed.ManagedDataSourceFactory.setupDataSource(ManagedDataSourceFactory.java:45)
	at com.sap.cloud.runtime.kotyo.persistence.client.datasource.DataSourceFactory.createDataSource(DataSourceFactory.java:40)
	at com.sap.cloud.runtime.kotyo.persistence.client.PersistenceDataSourceFactory.getObjectInstance(PersistenceDataSourceFactory.java:52)
	at com.sap.core.services.accessor.tomcat.support.DelegatingObjectFactory.getObjectInstanceFromFactory(DelegatingObjectFactory.java:99)
	at com.sap.core.services.accessor.tomcat.support.DelegatingObjectFactory.getObjectInstance(DelegatingObjectFactory.java:47)
	at com.sap.cloud.runtime.kotee.deployer.KoteeServiceProvider.createObject(KoteeServiceProvider.java:84)
	at sun.reflect.NativeMethodAccessorImpl.invoke0(Native Method)
	at sun.reflect.NativeMethodAccessorImpl.invoke(NativeMethodAccessorImpl.java:62)
	at sun.reflect.DelegatingMethodAccessorImpl.invoke(DelegatingMethodAccessorImpl.java:43)
	at java.lang.reflect.Method.invoke(Method.java:498)
	at org.apache.xbean.recipe.ObjectRecipe.internalCreate(ObjectRecipe.java:298)
	at org.apache.xbean.recipe.AbstractRecipe.create(AbstractRecipe.java:96)
	at org.apache.xbean.recipe.AbstractRecipe.create(AbstractRecipe.java:61)
	at org.apache.openejb.assembler.classic.Assembler.doCreateResource(Assembler.java:3072)
	at org.apache.openejb.assembler.classic.Assembler.createResource(Assembler.java:2905)
	at org.apache.openejb.config.ConfigurationFactory.doInstall(ConfigurationFactory.java:466)
	at org.apache.openejb.config.ConfigurationFactory.install(ConfigurationFactory.java:459)
	at org.apache.openejb.config.AutoConfig.installResource(AutoConfig.java:2193)
	at org.apache.openejb.config.AutoConfig.processApplicationResources(AutoConfig.java:1026)
	at org.apache.openejb.config.AutoConfig.deploy(AutoConfig.java:190)
	at org.apache.openejb.config.ConfigurationFactory$Chain.deploy(ConfigurationFactory.java:420)
	at org.apache.openejb.config.ConfigurationFactory.configureApplication(ConfigurationFactory.java:1037)
	at org.apache.tomee.catalina.TomcatWebAppBuilder.startInternal(TomcatWebAppBuilder.java:1277)
	at org.apache.tomee.catalina.TomcatWebAppBuilder.configureStart(TomcatWebAppBuilder.java:1125)
	at org.apache.tomee.catalina.GlobalListenerSupport.lifecycleEvent(GlobalListenerSupport.java:133)
	at org.apache.catalina.util.LifecycleBase.fireLifecycleEvent(LifecycleBase.java:94)
	at org.apache.catalina.core.StandardContext.startInternal(StandardContext.java:5154)
	at org.apache.catalina.util.LifecycleBase.start(LifecycleBase.java:150)
	at org.apache.catalina.core.ContainerBase$StartChild.call(ContainerBase.java:1420)
	at org.apache.catalina.core.ContainerBase$StartChild.call(ContainerBase.java:1410)
	at java.util.concurrent.FutureTask.run(FutureTask.java:266)
	at java.util.concurrent.ThreadPoolExecutor.runWorker(ThreadPoolExecutor.java:1149)
	at java.util.concurrent.ThreadPoolExecutor$Worker.run(ThreadPoolExecutor.java:624)
	at java.lang.Thread.run(Thread.java:836)
|
FILE_TYPE:DAAA96DE-B0FB-4c6e-AF7B-A445F5BF9BE2
FILE_ID:1542955499273
ENCODING:[UTF8|NWCJS:ASCII]
RECORD_SEPARATOR:124
COLUMN_SEPARATOR:35
ESC_CHARACTER:92
COLUMNS:Time|TZone|Severity|Logger|ACH|User|Thread|Bundle name|JPSpace|JPAppliance|JPComponent|Tenant Alias|DSR Root Context ID|DSR Transaction|DSR Connection|DSR Counter|Text|
SEVERITY_MAP:FINEST|Information|FINER|Information|FINE|Information|CONFIG|Information|DEBUG|Information|PATH|Information|INFO|Information|WARNING|Warning|ERROR|Error|SEVERE|Error|FATAL|Error
HEADER_END


2018 11 23 12:15:17#+0530#ERROR#com.sap.cloud.runtime.kotyo.persistence.client.datasource.DataSourceFactory##anonymous#localhost-startStop-1#na#N/A#N/A#N/A##na#na#na#na#Retrieved persistence properties does not contain [javax.persistence.jdbc.user]! |
2018 11 23 12:15:17#+0530#ERROR#com.sap.cloud.runtime.kotyo.persistence.client.datasource.DataSourceFactory##anonymous#localhost-startStop-1#na#N/A#N/A#N/A##na#na#na#na#Retrieved persistence properties does not contain [javax.persistence.jdbc.user]! |
2018 11 23 12:15:17#+0530#ERROR#com.sap.cloud.runtime.kotyo.persistence.client.datasource.DataSourceFactory##anonymous#localhost-startStop-1#na#N/A#N/A#N/A##na#na#na#na#Retrieved persistence properties does not contain [javax.persistence.jdbc.user]! |
2018 11 23 12:15:17#+0530#ERROR#com.sap.cloud.runtime.kotyo.persistence.client.datasource.DataSourceFactory##anonymous#localhost-startStop-1#na#N/A#N/A#N/A##na#na#na#na#Retrieved persistence properties does not contain [javax.persistence.jdbc.user]! |
2018 11 23 12:15:24#+0530#ERROR#com.sap.cloud.runtime.kotyo.persistence.client.datasource.DataSourceFactory##anonymous#localhost-startStop-1#na#N/A#N/A#N/A##na#na#na#na#Retrieved persistence properties does not contain [javax.persistence.jdbc.user]! |
2018 11 23 12:15:25#+0530#ERROR#com.sap.cloud.runtime.kotyo.persistence.client.datasource.DataSourceFactory##anonymous#main#na#N/A#N/A#N/A##na#na#na#na#Retrieved persistence properties does not contain [javax.persistence.jdbc.user]! |
2018 11 23 12:15:25#+0530#ERROR#com.sap.cloud.runtime.kotyo.persistence.client.datasource.DataSourceFactory##anonymous#main#na#N/A#N/A#N/A##na#na#na#na#Retrieved persistence properties does not contain [javax.persistence.jdbc.user]! |
2018 11 23 12:15:25#+0530#ERROR#com.sap.cloud.runtime.kotyo.persistence.client.datasource.DataSourceFactory##anonymous#main#na#N/A#N/A#N/A##na#na#na#na#Retrieved persistence properties does not contain [javax.persistence.jdbc.user]! |
FILE_TYPE:DAAA96DE-B0FB-4c6e-AF7B-A445F5BF9BE2
FILE_ID:1542955739346
ENCODING:[UTF8|NWCJS:ASCII]
RECORD_SEPARATOR:124
COLUMN_SEPARATOR:35
ESC_CHARACTER:92
COLUMNS:Time|TZone|Severity|Logger|ACH|User|Thread|Bundle name|JPSpace|JPAppliance|JPComponent|Tenant Alias|DSR Root Context ID|DSR Transaction|DSR Connection|DSR Counter|Text|
SEVERITY_MAP:FINEST|Information|FINER|Information|FINE|Information|CONFIG|Information|DEBUG|Information|PATH|Information|INFO|Information|WARNING|Warning|ERROR|Error|SEVERE|Error|FATAL|Error
HEADER_END


2018 11 23 12:19:22#+0530#ERROR#com.sap.cloud.runtime.kotyo.persistence.client.pool.jmx.ConnectionPoolJmxManager##anonymous#localhost-startStop-1#na#N/A#N/A#N/A##na#na#na#na#Invalid character ':' in value part of property javax.management.MalformedObjectNameException: Invalid character ':' in value part of property
	at javax.management.ObjectName.construct(ObjectName.java:620)
	at javax.management.ObjectName.<init>(ObjectName.java:1385)
	at com.sap.cloud.runtime.kotyo.persistence.client.pool.jmx.ConnectionPoolJmxManager.initJMX(ConnectionPoolJmxManager.java:43)
	at com.sap.cloud.runtime.kotyo.persistence.client.pool.jmx.ConnectionPoolJmxManager.<init>(ConnectionPoolJmxManager.java:24)
	at com.sap.cloud.runtime.kotyo.persistence.client.pool.jmx.ConnectionPoolJmxManager.getInstance(ConnectionPoolJmxManager.java:33)
	at com.sap.cloud.runtime.kotyo.persistence.client.pool.trace.TraceableGenericObjectPool.<init>(TraceableGenericObjectPool.java:26)
	at com.sap.cloud.runtime.kotyo.persistence.client.datasource.DataSourceFactory.createPoolingDataSource(DataSourceFactory.java:97)
	at com.sap.cloud.runtime.kotyo.persistence.client.datasource.managed.ManagedDataSourceFactory.setupDataSource(ManagedDataSourceFactory.java:45)
	at com.sap.cloud.runtime.kotyo.persistence.client.datasource.DataSourceFactory.createDataSource(DataSourceFactory.java:40)
	at com.sap.cloud.runtime.kotyo.persistence.client.PersistenceDataSourceFactory.getObjectInstance(PersistenceDataSourceFactory.java:52)
	at com.sap.core.services.accessor.tomcat.support.DelegatingObjectFactory.getObjectInstanceFromFactory(DelegatingObjectFactory.java:99)
	at com.sap.core.services.accessor.tomcat.support.DelegatingObjectFactory.getObjectInstance(DelegatingObjectFactory.java:47)
	at com.sap.cloud.runtime.kotee.deployer.KoteeServiceProvider.createObject(KoteeServiceProvider.java:84)
	at sun.reflect.NativeMethodAccessorImpl.invoke0(Native Method)
	at sun.reflect.NativeMethodAccessorImpl.invoke(NativeMethodAccessorImpl.java:62)
	at sun.reflect.DelegatingMethodAccessorImpl.invoke(DelegatingMethodAccessorImpl.java:43)
	at java.lang.reflect.Method.invoke(Method.java:498)
	at org.apache.xbean.recipe.ObjectRecipe.internalCreate(ObjectRecipe.java:298)
	at org.apache.xbean.recipe.AbstractRecipe.create(AbstractRecipe.java:96)
	at org.apache.xbean.recipe.AbstractRecipe.create(AbstractRecipe.java:61)
	at org.apache.openejb.assembler.classic.Assembler.doCreateResource(Assembler.java:3072)
	at org.apache.openejb.assembler.classic.Assembler.createResource(Assembler.java:2905)
	at org.apache.openejb.config.ConfigurationFactory.doInstall(ConfigurationFactory.java:466)
	at org.apache.openejb.config.ConfigurationFactory.install(ConfigurationFactory.java:459)
	at org.apache.openejb.config.AutoConfig.installResource(AutoConfig.java:2193)
	at org.apache.openejb.config.AutoConfig.processApplicationResources(AutoConfig.java:1026)
	at org.apache.openejb.config.AutoConfig.deploy(AutoConfig.java:190)
	at org.apache.openejb.config.ConfigurationFactory$Chain.deploy(ConfigurationFactory.java:420)
	at org.apache.openejb.config.ConfigurationFactory.configureApplication(ConfigurationFactory.java:1037)
	at org.apache.tomee.catalina.TomcatWebAppBuilder.startInternal(TomcatWebAppBuilder.java:1277)
	at org.apache.tomee.catalina.TomcatWebAppBuilder.configureStart(TomcatWebAppBuilder.java:1125)
	at org.apache.tomee.catalina.GlobalListenerSupport.lifecycleEvent(GlobalListenerSupport.java:133)
	at org.apache.catalina.util.LifecycleBase.fireLifecycleEvent(LifecycleBase.java:94)
	at org.apache.catalina.core.StandardContext.startInternal(StandardContext.java:5154)
	at org.apache.catalina.util.LifecycleBase.start(LifecycleBase.java:150)
	at org.apache.catalina.core.ContainerBase$StartChild.call(ContainerBase.java:1420)
	at org.apache.catalina.core.ContainerBase$StartChild.call(ContainerBase.java:1410)
	at java.util.concurrent.FutureTask.run(FutureTask.java:266)
	at java.util.concurrent.ThreadPoolExecutor.runWorker(ThreadPoolExecutor.java:1149)
	at java.util.concurrent.ThreadPoolExecutor$Worker.run(ThreadPoolExecutor.java:624)
	at java.lang.Thread.run(Thread.java:836)
|
FILE_TYPE:DAAA96DE-B0FB-4c6e-AF7B-A445F5BF9BE2
FILE_ID:1542955982532
ENCODING:[UTF8|NWCJS:ASCII]
RECORD_SEPARATOR:124
COLUMN_SEPARATOR:35
ESC_CHARACTER:92
COLUMNS:Time|TZone|Severity|Logger|ACH|User|Thread|Bundle name|JPSpace|JPAppliance|JPComponent|Tenant Alias|DSR Root Context ID|DSR Transaction|DSR Connection|DSR Counter|Text|
SEVERITY_MAP:FINEST|Information|FINER|Information|FINE|Information|CONFIG|Information|DEBUG|Information|PATH|Information|INFO|Information|WARNING|Warning|ERROR|Error|SEVERE|Error|FATAL|Error
HEADER_END


FILE_TYPE:DAAA96DE-B0FB-4c6e-AF7B-A445F5BF9BE2
FILE_ID:1542956631771
ENCODING:[UTF8|NWCJS:ASCII]
RECORD_SEPARATOR:124
COLUMN_SEPARATOR:35
ESC_CHARACTER:92
COLUMNS:Time|TZone|Severity|Logger|ACH|User|Thread|Bundle name|JPSpace|JPAppliance|JPComponent|Tenant Alias|DSR Root Context ID|DSR Transaction|DSR Connection|DSR Counter|Text|
SEVERITY_MAP:FINEST|Information|FINER|Information|FINE|Information|CONFIG|Information|DEBUG|Information|PATH|Information|INFO|Information|WARNING|Warning|ERROR|Error|SEVERE|Error|FATAL|Error
HEADER_END


2018 11 23 12:34:16#+0530#ERROR#com.sap.cloud.runtime.kotyo.persistence.client.pool.jmx.ConnectionPoolJmxManager##anonymous#localhost-startStop-1#na#N/A#N/A#N/A##na#na#na#na#Invalid character ':' in value part of property javax.management.MalformedObjectNameException: Invalid character ':' in value part of property
	at javax.management.ObjectName.construct(ObjectName.java:620)
	at javax.management.ObjectName.<init>(ObjectName.java:1385)
	at com.sap.cloud.runtime.kotyo.persistence.client.pool.jmx.ConnectionPoolJmxManager.initJMX(ConnectionPoolJmxManager.java:43)
	at com.sap.cloud.runtime.kotyo.persistence.client.pool.jmx.ConnectionPoolJmxManager.<init>(ConnectionPoolJmxManager.java:24)
	at com.sap.cloud.runtime.kotyo.persistence.client.pool.jmx.ConnectionPoolJmxManager.getInstance(ConnectionPoolJmxManager.java:33)
	at com.sap.cloud.runtime.kotyo.persistence.client.pool.trace.TraceableGenericObjectPool.<init>(TraceableGenericObjectPool.java:26)
	at com.sap.cloud.runtime.kotyo.persistence.client.datasource.DataSourceFactory.createPoolingDataSource(DataSourceFactory.java:97)
	at com.sap.cloud.runtime.kotyo.persistence.client.datasource.managed.ManagedDataSourceFactory.setupDataSource(ManagedDataSourceFactory.java:45)
	at com.sap.cloud.runtime.kotyo.persistence.client.datasource.DataSourceFactory.createDataSource(DataSourceFactory.java:40)
	at com.sap.cloud.runtime.kotyo.persistence.client.PersistenceDataSourceFactory.getObjectInstance(PersistenceDataSourceFactory.java:52)
	at com.sap.core.services.accessor.tomcat.support.DelegatingObjectFactory.getObjectInstanceFromFactory(DelegatingObjectFactory.java:99)
	at com.sap.core.services.accessor.tomcat.support.DelegatingObjectFactory.getObjectInstance(DelegatingObjectFactory.java:47)
	at com.sap.cloud.runtime.kotee.deployer.KoteeServiceProvider.createObject(KoteeServiceProvider.java:84)
	at sun.reflect.NativeMethodAccessorImpl.invoke0(Native Method)
	at sun.reflect.NativeMethodAccessorImpl.invoke(NativeMethodAccessorImpl.java:62)
	at sun.reflect.DelegatingMethodAccessorImpl.invoke(DelegatingMethodAccessorImpl.java:43)
	at java.lang.reflect.Method.invoke(Method.java:498)
	at org.apache.xbean.recipe.ObjectRecipe.internalCreate(ObjectRecipe.java:298)
	at org.apache.xbean.recipe.AbstractRecipe.create(AbstractRecipe.java:96)
	at org.apache.xbean.recipe.AbstractRecipe.create(AbstractRecipe.java:61)
	at org.apache.openejb.assembler.classic.Assembler.doCreateResource(Assembler.java:3072)
	at org.apache.openejb.assembler.classic.Assembler.createResource(Assembler.java:2905)
	at org.apache.openejb.config.ConfigurationFactory.doInstall(ConfigurationFactory.java:466)
	at org.apache.openejb.config.ConfigurationFactory.install(ConfigurationFactory.java:459)
	at org.apache.openejb.config.AutoConfig.installResource(AutoConfig.java:2193)
	at org.apache.openejb.config.AutoConfig.processApplicationResources(AutoConfig.java:1026)
	at org.apache.openejb.config.AutoConfig.deploy(AutoConfig.java:190)
	at org.apache.openejb.config.ConfigurationFactory$Chain.deploy(ConfigurationFactory.java:420)
	at org.apache.openejb.config.ConfigurationFactory.configureApplication(ConfigurationFactory.java:1037)
	at org.apache.tomee.catalina.TomcatWebAppBuilder.startInternal(TomcatWebAppBuilder.java:1277)
	at org.apache.tomee.catalina.TomcatWebAppBuilder.configureStart(TomcatWebAppBuilder.java:1125)
	at org.apache.tomee.catalina.GlobalListenerSupport.lifecycleEvent(GlobalListenerSupport.java:133)
	at org.apache.catalina.util.LifecycleBase.fireLifecycleEvent(LifecycleBase.java:94)
	at org.apache.catalina.core.StandardContext.startInternal(StandardContext.java:5154)
	at org.apache.catalina.util.LifecycleBase.start(LifecycleBase.java:150)
	at org.apache.catalina.core.ContainerBase$StartChild.call(ContainerBase.java:1420)
	at org.apache.catalina.core.ContainerBase$StartChild.call(ContainerBase.java:1410)
	at java.util.concurrent.FutureTask.run(FutureTask.java:266)
	at java.util.concurrent.ThreadPoolExecutor.runWorker(ThreadPoolExecutor.java:1149)
	at java.util.concurrent.ThreadPoolExecutor$Worker.run(ThreadPoolExecutor.java:624)
	at java.lang.Thread.run(Thread.java:836)
|
FILE_TYPE:DAAA96DE-B0FB-4c6e-AF7B-A445F5BF9BE2
FILE_ID:1542956814776
ENCODING:[UTF8|NWCJS:ASCII]
RECORD_SEPARATOR:124
COLUMN_SEPARATOR:35
ESC_CHARACTER:92
COLUMNS:Time|TZone|Severity|Logger|ACH|User|Thread|Bundle name|JPSpace|JPAppliance|JPComponent|Tenant Alias|DSR Root Context ID|DSR Transaction|DSR Connection|DSR Counter|Text|
SEVERITY_MAP:FINEST|Information|FINER|Information|FINE|Information|CONFIG|Information|DEBUG|Information|PATH|Information|INFO|Information|WARNING|Warning|ERROR|Error|SEVERE|Error|FATAL|Error
HEADER_END


2018 11 23 12:37:20#+0530#ERROR#com.sap.cloud.runtime.kotyo.persistence.client.pool.jmx.ConnectionPoolJmxManager##anonymous#localhost-startStop-1#na#N/A#N/A#N/A##na#na#na#na#Invalid character ':' in value part of property javax.management.MalformedObjectNameException: Invalid character ':' in value part of property
	at javax.management.ObjectName.construct(ObjectName.java:620)
	at javax.management.ObjectName.<init>(ObjectName.java:1385)
	at com.sap.cloud.runtime.kotyo.persistence.client.pool.jmx.ConnectionPoolJmxManager.initJMX(ConnectionPoolJmxManager.java:43)
	at com.sap.cloud.runtime.kotyo.persistence.client.pool.jmx.ConnectionPoolJmxManager.<init>(ConnectionPoolJmxManager.java:24)
	at com.sap.cloud.runtime.kotyo.persistence.client.pool.jmx.ConnectionPoolJmxManager.getInstance(ConnectionPoolJmxManager.java:33)
	at com.sap.cloud.runtime.kotyo.persistence.client.pool.trace.TraceableGenericObjectPool.<init>(TraceableGenericObjectPool.java:26)
	at com.sap.cloud.runtime.kotyo.persistence.client.datasource.DataSourceFactory.createPoolingDataSource(DataSourceFactory.java:97)
	at com.sap.cloud.runtime.kotyo.persistence.client.datasource.managed.ManagedDataSourceFactory.setupDataSource(ManagedDataSourceFactory.java:45)
	at com.sap.cloud.runtime.kotyo.persistence.client.datasource.DataSourceFactory.createDataSource(DataSourceFactory.java:40)
	at com.sap.cloud.runtime.kotyo.persistence.client.PersistenceDataSourceFactory.getObjectInstance(PersistenceDataSourceFactory.java:52)
	at com.sap.core.services.accessor.tomcat.support.DelegatingObjectFactory.getObjectInstanceFromFactory(DelegatingObjectFactory.java:99)
	at com.sap.core.services.accessor.tomcat.support.DelegatingObjectFactory.getObjectInstance(DelegatingObjectFactory.java:47)
	at com.sap.cloud.runtime.kotee.deployer.KoteeServiceProvider.createObject(KoteeServiceProvider.java:84)
	at sun.reflect.NativeMethodAccessorImpl.invoke0(Native Method)
	at sun.reflect.NativeMethodAccessorImpl.invoke(NativeMethodAccessorImpl.java:62)
	at sun.reflect.DelegatingMethodAccessorImpl.invoke(DelegatingMethodAccessorImpl.java:43)
	at java.lang.reflect.Method.invoke(Method.java:498)
	at org.apache.xbean.recipe.ObjectRecipe.internalCreate(ObjectRecipe.java:298)
	at org.apache.xbean.recipe.AbstractRecipe.create(AbstractRecipe.java:96)
	at org.apache.xbean.recipe.AbstractRecipe.create(AbstractRecipe.java:61)
	at org.apache.openejb.assembler.classic.Assembler.doCreateResource(Assembler.java:3072)
	at org.apache.openejb.assembler.classic.Assembler.createResource(Assembler.java:2905)
	at org.apache.openejb.config.ConfigurationFactory.doInstall(ConfigurationFactory.java:466)
	at org.apache.openejb.config.ConfigurationFactory.install(ConfigurationFactory.java:459)
	at org.apache.openejb.config.AutoConfig.installResource(AutoConfig.java:2193)
	at org.apache.openejb.config.AutoConfig.processApplicationResources(AutoConfig.java:1026)
	at org.apache.openejb.config.AutoConfig.deploy(AutoConfig.java:190)
	at org.apache.openejb.config.ConfigurationFactory$Chain.deploy(ConfigurationFactory.java:420)
	at org.apache.openejb.config.ConfigurationFactory.configureApplication(ConfigurationFactory.java:1037)
	at org.apache.tomee.catalina.TomcatWebAppBuilder.startInternal(TomcatWebAppBuilder.java:1277)
	at org.apache.tomee.catalina.TomcatWebAppBuilder.configureStart(TomcatWebAppBuilder.java:1125)
	at org.apache.tomee.catalina.GlobalListenerSupport.lifecycleEvent(GlobalListenerSupport.java:133)
	at org.apache.catalina.util.LifecycleBase.fireLifecycleEvent(LifecycleBase.java:94)
	at org.apache.catalina.core.StandardContext.startInternal(StandardContext.java:5154)
	at org.apache.catalina.util.LifecycleBase.start(LifecycleBase.java:150)
	at org.apache.catalina.core.ContainerBase$StartChild.call(ContainerBase.java:1420)
	at org.apache.catalina.core.ContainerBase$StartChild.call(ContainerBase.java:1410)
	at java.util.concurrent.FutureTask.run(FutureTask.java:266)
	at java.util.concurrent.ThreadPoolExecutor.runWorker(ThreadPoolExecutor.java:1149)
	at java.util.concurrent.ThreadPoolExecutor$Worker.run(ThreadPoolExecutor.java:624)
	at java.lang.Thread.run(Thread.java:836)
|
FILE_TYPE:DAAA96DE-B0FB-4c6e-AF7B-A445F5BF9BE2
FILE_ID:1542957747828
ENCODING:[UTF8|NWCJS:ASCII]
RECORD_SEPARATOR:124
COLUMN_SEPARATOR:35
ESC_CHARACTER:92
COLUMNS:Time|TZone|Severity|Logger|ACH|User|Thread|Bundle name|JPSpace|JPAppliance|JPComponent|Tenant Alias|DSR Root Context ID|DSR Transaction|DSR Connection|DSR Counter|Text|
SEVERITY_MAP:FINEST|Information|FINER|Information|FINE|Information|CONFIG|Information|DEBUG|Information|PATH|Information|INFO|Information|WARNING|Warning|ERROR|Error|SEVERE|Error|FATAL|Error
HEADER_END


FILE_TYPE:DAAA96DE-B0FB-4c6e-AF7B-A445F5BF9BE2
FILE_ID:1543221287144
ENCODING:[UTF8|NWCJS:ASCII]
RECORD_SEPARATOR:124
COLUMN_SEPARATOR:35
ESC_CHARACTER:92
COLUMNS:Time|TZone|Severity|Logger|ACH|User|Thread|Bundle name|JPSpace|JPAppliance|JPComponent|Tenant Alias|DSR Root Context ID|DSR Transaction|DSR Connection|DSR Counter|Text|
SEVERITY_MAP:FINEST|Information|FINER|Information|FINE|Information|CONFIG|Information|DEBUG|Information|PATH|Information|INFO|Information|WARNING|Warning|ERROR|Error|SEVERE|Error|FATAL|Error
HEADER_END


FILE_TYPE:DAAA96DE-B0FB-4c6e-AF7B-A445F5BF9BE2
FILE_ID:1543289658901
ENCODING:[UTF8|NWCJS:ASCII]
RECORD_SEPARATOR:124
COLUMN_SEPARATOR:35
ESC_CHARACTER:92
COLUMNS:Time|TZone|Severity|Logger|ACH|User|Thread|Bundle name|JPSpace|JPAppliance|JPComponent|Tenant Alias|DSR Root Context ID|DSR Transaction|DSR Connection|DSR Counter|Text|
SEVERITY_MAP:FINEST|Information|FINER|Information|FINE|Information|CONFIG|Information|DEBUG|Information|PATH|Information|INFO|Information|WARNING|Warning|ERROR|Error|SEVERE|Error|FATAL|Error
HEADER_END


FILE_TYPE:DAAA96DE-B0FB-4c6e-AF7B-A445F5BF9BE2
FILE_ID:1560253767058
ENCODING:[UTF8|NWCJS:ASCII]
RECORD_SEPARATOR:124
COLUMN_SEPARATOR:35
ESC_CHARACTER:92
COLUMNS:Time|TZone|Severity|Logger|ACH|User|Thread|Bundle name|JPSpace|JPAppliance|JPComponent|Tenant Alias|DSR Root Context ID|DSR Transaction|DSR Connection|DSR Counter|Text|
SEVERITY_MAP:FINEST|Information|FINER|Information|FINE|Information|CONFIG|Information|DEBUG|Information|PATH|Information|INFO|Information|WARNING|Warning|ERROR|Error|SEVERE|Error|FATAL|Error
HEADER_END


FILE_TYPE:DAAA96DE-B0FB-4c6e-AF7B-A445F5BF9BE2
FILE_ID:1561097863858
ENCODING:[UTF8|NWCJS:ASCII]
RECORD_SEPARATOR:124
COLUMN_SEPARATOR:35
ESC_CHARACTER:92
COLUMNS:Time|TZone|Severity|Logger|ACH|User|Thread|Bundle name|JPSpace|JPAppliance|JPComponent|Tenant Alias|DSR Root Context ID|DSR Transaction|DSR Connection|DSR Counter|Text|
SEVERITY_MAP:FINEST|Information|FINER|Information|FINE|Information|CONFIG|Information|DEBUG|Information|PATH|Information|INFO|Information|WARNING|Warning|ERROR|Error|SEVERE|Error|FATAL|Error
HEADER_END


FILE_TYPE:DAAA96DE-B0FB-4c6e-AF7B-A445F5BF9BE2
FILE_ID:1561100419430
ENCODING:[UTF8|NWCJS:ASCII]
RECORD_SEPARATOR:124
COLUMN_SEPARATOR:35
ESC_CHARACTER:92
COLUMNS:Time|TZone|Severity|Logger|ACH|User|Thread|Bundle name|JPSpace|JPAppliance|JPComponent|Tenant Alias|DSR Root Context ID|DSR Transaction|DSR Connection|DSR Counter|Text|
SEVERITY_MAP:FINEST|Information|FINER|Information|FINE|Information|CONFIG|Information|DEBUG|Information|PATH|Information|INFO|Information|WARNING|Warning|ERROR|Error|SEVERE|Error|FATAL|Error
HEADER_END


