FILE_TYPE:DAAA96DE-B0FB-4c6e-AF7B-A445F5BF9BE2
FILE_ID:1542958004675
ENCODING:[UTF8|NWCJS:ASCII]
RECORD_SEPARATOR:124
COLUMN_SEPARATOR:35
ESC_CHARACTER:92
COLUMNS:Time|TZone|Severity|Logger|ACH|User|Thread|Bundle name|JPSpace|JPAppliance|JPComponent|Tenant Alias|Text|
SEVERITY_MAP:FINEST|Information|FINER|Information|FINE|Information|CONFIG|Information|DEBUG|Information|PATH|Information|INFO|Information|WARNING|Warning|ERROR|Error|SEVERE|Error|FATAL|Error
HEADER_END


FILE_TYPE:DAAA96DE-B0FB-4c6e-AF7B-A445F5BF9BE2
FILE_ID:1542958090763
ENCODING:[UTF8|NWCJS:ASCII]
RECORD_SEPARATOR:124
COLUMN_SEPARATOR:35
ESC_CHARACTER:92
COLUMNS:Time|TZone|Severity|Logger|ACH|User|Thread|Bundle name|JPSpace|JPAppliance|JPComponent|Tenant Alias|Text|
SEVERITY_MAP:FINEST|Information|FINER|Information|FINE|Information|CONFIG|Information|DEBUG|Information|PATH|Information|INFO|Information|WARNING|Warning|ERROR|Error|SEVERE|Error|FATAL|Error
HEADER_END


FILE_TYPE:DAAA96DE-B0FB-4c6e-AF7B-A445F5BF9BE2
FILE_ID:1543402346535
ENCODING:[UTF8|NWCJS:ASCII]
RECORD_SEPARATOR:124
COLUMN_SEPARATOR:35
ESC_CHARACTER:92
COLUMNS:Time|TZone|Severity|Logger|ACH|User|Thread|Bundle name|JPSpace|JPAppliance|JPComponent|Tenant Alias|Text|
SEVERITY_MAP:FINEST|Information|FINER|Information|FINE|Information|CONFIG|Information|DEBUG|Information|PATH|Information|INFO|Information|WARNING|Warning|ERROR|Error|SEVERE|Error|FATAL|Error
HEADER_END


FILE_TYPE:DAAA96DE-B0FB-4c6e-AF7B-A445F5BF9BE2
FILE_ID:1544176268394
ENCODING:[UTF8|NWCJS:ASCII]
RECORD_SEPARATOR:124
COLUMN_SEPARATOR:35
ESC_CHARACTER:92
COLUMNS:Time|TZone|Severity|Logger|ACH|User|Thread|Bundle name|JPSpace|JPAppliance|JPComponent|Tenant Alias|Text|
SEVERITY_MAP:FINEST|Information|FINER|Information|FINE|Information|CONFIG|Information|DEBUG|Information|PATH|Information|INFO|Information|WARNING|Warning|ERROR|Error|SEVERE|Error|FATAL|Error
HEADER_END


FILE_TYPE:DAAA96DE-B0FB-4c6e-AF7B-A445F5BF9BE2
FILE_ID:1544176853470
ENCODING:[UTF8|NWCJS:ASCII]
RECORD_SEPARATOR:124
COLUMN_SEPARATOR:35
ESC_CHARACTER:92
COLUMNS:Time|TZone|Severity|Logger|ACH|User|Thread|Bundle name|JPSpace|JPAppliance|JPComponent|Tenant Alias|Text|
SEVERITY_MAP:FINEST|Information|FINER|Information|FINE|Information|CONFIG|Information|DEBUG|Information|PATH|Information|INFO|Information|WARNING|Warning|ERROR|Error|SEVERE|Error|FATAL|Error
HEADER_END


FILE_TYPE:DAAA96DE-B0FB-4c6e-AF7B-A445F5BF9BE2
FILE_ID:1544177586885
ENCODING:[UTF8|NWCJS:ASCII]
RECORD_SEPARATOR:124
COLUMN_SEPARATOR:35
ESC_CHARACTER:92
COLUMNS:Time|TZone|Severity|Logger|ACH|User|Thread|Bundle name|JPSpace|JPAppliance|JPComponent|Tenant Alias|Text|
SEVERITY_MAP:FINEST|Information|FINER|Information|FINE|Information|CONFIG|Information|DEBUG|Information|PATH|Information|INFO|Information|WARNING|Warning|ERROR|Error|SEVERE|Error|FATAL|Error
HEADER_END


FILE_TYPE:DAAA96DE-B0FB-4c6e-AF7B-A445F5BF9BE2
FILE_ID:1561349130952
ENCODING:[UTF8|NWCJS:ASCII]
RECORD_SEPARATOR:124
COLUMN_SEPARATOR:35
ESC_CHARACTER:92
COLUMNS:Time|TZone|Severity|Logger|ACH|User|Thread|Bundle name|JPSpace|JPAppliance|JPComponent|Tenant Alias|Text|
SEVERITY_MAP:FINEST|Information|FINER|Information|FINE|Information|CONFIG|Information|DEBUG|Information|PATH|Information|INFO|Information|WARNING|Warning|ERROR|Error|SEVERE|Error|FATAL|Error
HEADER_END


FILE_TYPE:DAAA96DE-B0FB-4c6e-AF7B-A445F5BF9BE2
FILE_ID:1561350208203
ENCODING:[UTF8|NWCJS:ASCII]
RECORD_SEPARATOR:124
COLUMN_SEPARATOR:35
ESC_CHARACTER:92
COLUMNS:Time|TZone|Severity|Logger|ACH|User|Thread|Bundle name|JPSpace|JPAppliance|JPComponent|Tenant Alias|Text|
SEVERITY_MAP:FINEST|Information|FINER|Information|FINE|Information|CONFIG|Information|DEBUG|Information|PATH|Information|INFO|Information|WARNING|Warning|ERROR|Error|SEVERE|Error|FATAL|Error
HEADER_END


FILE_TYPE:DAAA96DE-B0FB-4c6e-AF7B-A445F5BF9BE2
FILE_ID:1561350718667
ENCODING:[UTF8|NWCJS:ASCII]
RECORD_SEPARATOR:124
COLUMN_SEPARATOR:35
ESC_CHARACTER:92
COLUMNS:Time|TZone|Severity|Logger|ACH|User|Thread|Bundle name|JPSpace|JPAppliance|JPComponent|Tenant Alias|Text|
SEVERITY_MAP:FINEST|Information|FINER|Information|FINE|Information|CONFIG|Information|DEBUG|Information|PATH|Information|INFO|Information|WARNING|Warning|ERROR|Error|SEVERE|Error|FATAL|Error
HEADER_END


FILE_TYPE:DAAA96DE-B0FB-4c6e-AF7B-A445F5BF9BE2
FILE_ID:1561351416765
ENCODING:[UTF8|NWCJS:ASCII]
RECORD_SEPARATOR:124
COLUMN_SEPARATOR:35
ESC_CHARACTER:92
COLUMNS:Time|TZone|Severity|Logger|ACH|User|Thread|Bundle name|JPSpace|JPAppliance|JPComponent|Tenant Alias|Text|
SEVERITY_MAP:FINEST|Information|FINER|Information|FINE|Information|CONFIG|Information|DEBUG|Information|PATH|Information|INFO|Information|WARNING|Warning|ERROR|Error|SEVERE|Error|FATAL|Error
HEADER_END


FILE_TYPE:DAAA96DE-B0FB-4c6e-AF7B-A445F5BF9BE2
FILE_ID:1561352148680
ENCODING:[UTF8|NWCJS:ASCII]
RECORD_SEPARATOR:124
COLUMN_SEPARATOR:35
ESC_CHARACTER:92
COLUMNS:Time|TZone|Severity|Logger|ACH|User|Thread|Bundle name|JPSpace|JPAppliance|JPComponent|Tenant Alias|Text|
SEVERITY_MAP:FINEST|Information|FINER|Information|FINE|Information|CONFIG|Information|DEBUG|Information|PATH|Information|INFO|Information|WARNING|Warning|ERROR|Error|SEVERE|Error|FATAL|Error
HEADER_END


FILE_TYPE:DAAA96DE-B0FB-4c6e-AF7B-A445F5BF9BE2
FILE_ID:1561353094358
ENCODING:[UTF8|NWCJS:ASCII]
RECORD_SEPARATOR:124
COLUMN_SEPARATOR:35
ESC_CHARACTER:92
COLUMNS:Time|TZone|Severity|Logger|ACH|User|Thread|Bundle name|JPSpace|JPAppliance|JPComponent|Tenant Alias|Text|
SEVERITY_MAP:FINEST|Information|FINER|Information|FINE|Information|CONFIG|Information|DEBUG|Information|PATH|Information|INFO|Information|WARNING|Warning|ERROR|Error|SEVERE|Error|FATAL|Error
HEADER_END


FILE_TYPE:DAAA96DE-B0FB-4c6e-AF7B-A445F5BF9BE2
FILE_ID:1561353194874
ENCODING:[UTF8|NWCJS:ASCII]
RECORD_SEPARATOR:124
COLUMN_SEPARATOR:35
ESC_CHARACTER:92
COLUMNS:Time|TZone|Severity|Logger|ACH|User|Thread|Bundle name|JPSpace|JPAppliance|JPComponent|Tenant Alias|Text|
SEVERITY_MAP:FINEST|Information|FINER|Information|FINE|Information|CONFIG|Information|DEBUG|Information|PATH|Information|INFO|Information|WARNING|Warning|ERROR|Error|SEVERE|Error|FATAL|Error
HEADER_END


FILE_TYPE:DAAA96DE-B0FB-4c6e-AF7B-A445F5BF9BE2
FILE_ID:1561357151656
ENCODING:[UTF8|NWCJS:ASCII]
RECORD_SEPARATOR:124
COLUMN_SEPARATOR:35
ESC_CHARACTER:92
COLUMNS:Time|TZone|Severity|Logger|ACH|User|Thread|Bundle name|JPSpace|JPAppliance|JPComponent|Tenant Alias|Text|
SEVERITY_MAP:FINEST|Information|FINER|Information|FINE|Information|CONFIG|Information|DEBUG|Information|PATH|Information|INFO|Information|WARNING|Warning|ERROR|Error|SEVERE|Error|FATAL|Error
HEADER_END


FILE_TYPE:DAAA96DE-B0FB-4c6e-AF7B-A445F5BF9BE2
FILE_ID:1561456164290
ENCODING:[UTF8|NWCJS:ASCII]
RECORD_SEPARATOR:124
COLUMN_SEPARATOR:35
ESC_CHARACTER:92
COLUMNS:Time|TZone|Severity|Logger|ACH|User|Thread|Bundle name|JPSpace|JPAppliance|JPComponent|Tenant Alias|Text|
SEVERITY_MAP:FINEST|Information|FINER|Information|FINE|Information|CONFIG|Information|DEBUG|Information|PATH|Information|INFO|Information|WARNING|Warning|ERROR|Error|SEVERE|Error|FATAL|Error
HEADER_END


FILE_TYPE:DAAA96DE-B0FB-4c6e-AF7B-A445F5BF9BE2
FILE_ID:1561456330750
ENCODING:[UTF8|NWCJS:ASCII]
RECORD_SEPARATOR:124
COLUMN_SEPARATOR:35
ESC_CHARACTER:92
COLUMNS:Time|TZone|Severity|Logger|ACH|User|Thread|Bundle name|JPSpace|JPAppliance|JPComponent|Tenant Alias|Text|
SEVERITY_MAP:FINEST|Information|FINER|Information|FINE|Information|CONFIG|Information|DEBUG|Information|PATH|Information|INFO|Information|WARNING|Warning|ERROR|Error|SEVERE|Error|FATAL|Error
HEADER_END


FILE_TYPE:DAAA96DE-B0FB-4c6e-AF7B-A445F5BF9BE2
FILE_ID:1561529343399
ENCODING:[UTF8|NWCJS:ASCII]
RECORD_SEPARATOR:124
COLUMN_SEPARATOR:35
ESC_CHARACTER:92
COLUMNS:Time|TZone|Severity|Logger|ACH|User|Thread|Bundle name|JPSpace|JPAppliance|JPComponent|Tenant Alias|Text|
SEVERITY_MAP:FINEST|Information|FINER|Information|FINE|Information|CONFIG|Information|DEBUG|Information|PATH|Information|INFO|Information|WARNING|Warning|ERROR|Error|SEVERE|Error|FATAL|Error
HEADER_END


FILE_TYPE:DAAA96DE-B0FB-4c6e-AF7B-A445F5BF9BE2
FILE_ID:1561530503234
ENCODING:[UTF8|NWCJS:ASCII]
RECORD_SEPARATOR:124
COLUMN_SEPARATOR:35
ESC_CHARACTER:92
COLUMNS:Time|TZone|Severity|Logger|ACH|User|Thread|Bundle name|JPSpace|JPAppliance|JPComponent|Tenant Alias|Text|
SEVERITY_MAP:FINEST|Information|FINER|Information|FINE|Information|CONFIG|Information|DEBUG|Information|PATH|Information|INFO|Information|WARNING|Warning|ERROR|Error|SEVERE|Error|FATAL|Error
HEADER_END


FILE_TYPE:DAAA96DE-B0FB-4c6e-AF7B-A445F5BF9BE2
FILE_ID:1561531824647
ENCODING:[UTF8|NWCJS:ASCII]
RECORD_SEPARATOR:124
COLUMN_SEPARATOR:35
ESC_CHARACTER:92
COLUMNS:Time|TZone|Severity|Logger|ACH|User|Thread|Bundle name|JPSpace|JPAppliance|JPComponent|Tenant Alias|Text|
SEVERITY_MAP:FINEST|Information|FINER|Information|FINE|Information|CONFIG|Information|DEBUG|Information|PATH|Information|INFO|Information|WARNING|Warning|ERROR|Error|SEVERE|Error|FATAL|Error
HEADER_END


FILE_TYPE:DAAA96DE-B0FB-4c6e-AF7B-A445F5BF9BE2
FILE_ID:1561532096245
ENCODING:[UTF8|NWCJS:ASCII]
RECORD_SEPARATOR:124
COLUMN_SEPARATOR:35
ESC_CHARACTER:92
COLUMNS:Time|TZone|Severity|Logger|ACH|User|Thread|Bundle name|JPSpace|JPAppliance|JPComponent|Tenant Alias|Text|
SEVERITY_MAP:FINEST|Information|FINER|Information|FINE|Information|CONFIG|Information|DEBUG|Information|PATH|Information|INFO|Information|WARNING|Warning|ERROR|Error|SEVERE|Error|FATAL|Error
HEADER_END


FILE_TYPE:DAAA96DE-B0FB-4c6e-AF7B-A445F5BF9BE2
FILE_ID:1561533126673
ENCODING:[UTF8|NWCJS:ASCII]
RECORD_SEPARATOR:124
COLUMN_SEPARATOR:35
ESC_CHARACTER:92
COLUMNS:Time|TZone|Severity|Logger|ACH|User|Thread|Bundle name|JPSpace|JPAppliance|JPComponent|Tenant Alias|Text|
SEVERITY_MAP:FINEST|Information|FINER|Information|FINE|Information|CONFIG|Information|DEBUG|Information|PATH|Information|INFO|Information|WARNING|Warning|ERROR|Error|SEVERE|Error|FATAL|Error
HEADER_END


FILE_TYPE:DAAA96DE-B0FB-4c6e-AF7B-A445F5BF9BE2
FILE_ID:1561534301682
ENCODING:[UTF8|NWCJS:ASCII]
RECORD_SEPARATOR:124
COLUMN_SEPARATOR:35
ESC_CHARACTER:92
COLUMNS:Time|TZone|Severity|Logger|ACH|User|Thread|Bundle name|JPSpace|JPAppliance|JPComponent|Tenant Alias|Text|
SEVERITY_MAP:FINEST|Information|FINER|Information|FINE|Information|CONFIG|Information|DEBUG|Information|PATH|Information|INFO|Information|WARNING|Warning|ERROR|Error|SEVERE|Error|FATAL|Error
HEADER_END


FILE_TYPE:DAAA96DE-B0FB-4c6e-AF7B-A445F5BF9BE2
FILE_ID:1561544438287
ENCODING:[UTF8|NWCJS:ASCII]
RECORD_SEPARATOR:124
COLUMN_SEPARATOR:35
ESC_CHARACTER:92
COLUMNS:Time|TZone|Severity|Logger|ACH|User|Thread|Bundle name|JPSpace|JPAppliance|JPComponent|Tenant Alias|Text|
SEVERITY_MAP:FINEST|Information|FINER|Information|FINE|Information|CONFIG|Information|DEBUG|Information|PATH|Information|INFO|Information|WARNING|Warning|ERROR|Error|SEVERE|Error|FATAL|Error
HEADER_END


FILE_TYPE:DAAA96DE-B0FB-4c6e-AF7B-A445F5BF9BE2
FILE_ID:1561615062356
ENCODING:[UTF8|NWCJS:ASCII]
RECORD_SEPARATOR:124
COLUMN_SEPARATOR:35
ESC_CHARACTER:92
COLUMNS:Time|TZone|Severity|Logger|ACH|User|Thread|Bundle name|JPSpace|JPAppliance|JPComponent|Tenant Alias|Text|
SEVERITY_MAP:FINEST|Information|FINER|Information|FINE|Information|CONFIG|Information|DEBUG|Information|PATH|Information|INFO|Information|WARNING|Warning|ERROR|Error|SEVERE|Error|FATAL|Error
HEADER_END


FILE_TYPE:DAAA96DE-B0FB-4c6e-AF7B-A445F5BF9BE2
FILE_ID:1561616903463
ENCODING:[UTF8|NWCJS:ASCII]
RECORD_SEPARATOR:124
COLUMN_SEPARATOR:35
ESC_CHARACTER:92
COLUMNS:Time|TZone|Severity|Logger|ACH|User|Thread|Bundle name|JPSpace|JPAppliance|JPComponent|Tenant Alias|Text|
SEVERITY_MAP:FINEST|Information|FINER|Information|FINE|Information|CONFIG|Information|DEBUG|Information|PATH|Information|INFO|Information|WARNING|Warning|ERROR|Error|SEVERE|Error|FATAL|Error
HEADER_END


FILE_TYPE:DAAA96DE-B0FB-4c6e-AF7B-A445F5BF9BE2
FILE_ID:1561617440332
ENCODING:[UTF8|NWCJS:ASCII]
RECORD_SEPARATOR:124
COLUMN_SEPARATOR:35
ESC_CHARACTER:92
COLUMNS:Time|TZone|Severity|Logger|ACH|User|Thread|Bundle name|JPSpace|JPAppliance|JPComponent|Tenant Alias|Text|
SEVERITY_MAP:FINEST|Information|FINER|Information|FINE|Information|CONFIG|Information|DEBUG|Information|PATH|Information|INFO|Information|WARNING|Warning|ERROR|Error|SEVERE|Error|FATAL|Error
HEADER_END


FILE_TYPE:DAAA96DE-B0FB-4c6e-AF7B-A445F5BF9BE2
FILE_ID:1561618361913
ENCODING:[UTF8|NWCJS:ASCII]
RECORD_SEPARATOR:124
COLUMN_SEPARATOR:35
ESC_CHARACTER:92
COLUMNS:Time|TZone|Severity|Logger|ACH|User|Thread|Bundle name|JPSpace|JPAppliance|JPComponent|Tenant Alias|Text|
SEVERITY_MAP:FINEST|Information|FINER|Information|FINE|Information|CONFIG|Information|DEBUG|Information|PATH|Information|INFO|Information|WARNING|Warning|ERROR|Error|SEVERE|Error|FATAL|Error
HEADER_END


FILE_TYPE:DAAA96DE-B0FB-4c6e-AF7B-A445F5BF9BE2
FILE_ID:1561618601382
ENCODING:[UTF8|NWCJS:ASCII]
RECORD_SEPARATOR:124
COLUMN_SEPARATOR:35
ESC_CHARACTER:92
COLUMNS:Time|TZone|Severity|Logger|ACH|User|Thread|Bundle name|JPSpace|JPAppliance|JPComponent|Tenant Alias|Text|
SEVERITY_MAP:FINEST|Information|FINER|Information|FINE|Information|CONFIG|Information|DEBUG|Information|PATH|Information|INFO|Information|WARNING|Warning|ERROR|Error|SEVERE|Error|FATAL|Error
HEADER_END


FILE_TYPE:DAAA96DE-B0FB-4c6e-AF7B-A445F5BF9BE2
FILE_ID:1561619338134
ENCODING:[UTF8|NWCJS:ASCII]
RECORD_SEPARATOR:124
COLUMN_SEPARATOR:35
ESC_CHARACTER:92
COLUMNS:Time|TZone|Severity|Logger|ACH|User|Thread|Bundle name|JPSpace|JPAppliance|JPComponent|Tenant Alias|Text|
SEVERITY_MAP:FINEST|Information|FINER|Information|FINE|Information|CONFIG|Information|DEBUG|Information|PATH|Information|INFO|Information|WARNING|Warning|ERROR|Error|SEVERE|Error|FATAL|Error
HEADER_END


FILE_TYPE:DAAA96DE-B0FB-4c6e-AF7B-A445F5BF9BE2
FILE_ID:1561623396283
ENCODING:[UTF8|NWCJS:ASCII]
RECORD_SEPARATOR:124
COLUMN_SEPARATOR:35
ESC_CHARACTER:92
COLUMNS:Time|TZone|Severity|Logger|ACH|User|Thread|Bundle name|JPSpace|JPAppliance|JPComponent|Tenant Alias|Text|
SEVERITY_MAP:FINEST|Information|FINER|Information|FINE|Information|CONFIG|Information|DEBUG|Information|PATH|Information|INFO|Information|WARNING|Warning|ERROR|Error|SEVERE|Error|FATAL|Error
HEADER_END


